[2020-09-14 05:59:21] local.ERROR: preg_match(): Compilation failed: invalid range in character class at offset 20 {"exception":"[object] (ErrorException(code: 0): preg_match(): Compilation failed: invalid range in character class at offset 20 at C:\\xampp7.4\\htdocs\\mediusware_bulk1\\vendor\\laravel\\framework\\src\\Illuminate\\Routing\\Matching\\UriValidator.php:21)
[stacktrace]
#0 [internal function]: Illuminate\\Foundation\\Bootstrap\\HandleExceptions->handleError(2, 'preg_match(): C...', 'C:\\\\xampp7.4\\\\htd...', 21, Array)
#1 C:\\xampp7.4\\htdocs\\mediusware_bulk1\\vendor\\laravel\\framework\\src\\Illuminate\\Routing\\Matching\\UriValidator.php(21): preg_match('#^/(?P<path>(?:...', '/js/vue-select....')
#2 C:\\xampp7.4\\htdocs\\mediusware_bulk1\\vendor\\laravel\\framework\\src\\Illuminate\\Routing\\Route.php(275): Illuminate\\Routing\\Matching\\UriValidator->matches(Object(Illuminate\\Routing\\Route), Object(Illuminate\\Http\\Request))
#3 C:\\xampp7.4\\htdocs\\mediusware_bulk1\\vendor\\laravel\\framework\\src\\Illuminate\\Routing\\RouteCollection.php(197): Illuminate\\Routing\\Route->matches(Object(Illuminate\\Http\\Request), true)
#4 [internal function]: Illuminate\\Routing\\RouteCollection->Illuminate\\Routing\\{closure}(Object(Illuminate\\Routing\\Route), '{path}')
#5 C:\\xampp7.4\\htdocs\\mediusware_bulk1\\vendor\\laravel\\framework\\src\\Illuminate\\Support\\Arr.php(175): call_user_func(Object(Closure), Object(Illuminate\\Routing\\Route), '{path}')
#6 C:\\xampp7.4\\htdocs\\mediusware_bulk1\\vendor\\laravel\\framework\\src\\Illuminate\\Support\\Collection.php(815): Illuminate\\Support\\Arr::first(Array, Object(Closure), NULL)
#7 C:\\xampp7.4\\htdocs\\mediusware_bulk1\\vendor\\laravel\\framework\\src\\Illuminate\\Routing\\RouteCollection.php(198): Illuminate\\Support\\Collection->first(Object(Closure))
#8 C:\\xampp7.4\\htdocs\\mediusware_bulk1\\vendor\\laravel\\framework\\src\\Illuminate\\Routing\\RouteCollection.php(164): Illuminate\\Routing\\RouteCollection->matchAgainstRoutes(Object(Illuminate\\Support\\Collection), Object(Illuminate\\Http\\Request))
#9 C:\\xampp7.4\\htdocs\\mediusware_bulk1\\vendor\\laravel\\framework\\src\\Illuminate\\Routing\\Router.php(634): Illuminate\\Routing\\RouteCollection->match(Object(Illuminate\\Http\\Request))
#10 C:\\xampp7.4\\htdocs\\mediusware_bulk1\\vendor\\laravel\\framework\\src\\Illuminate\\Routing\\Router.php(623): Illuminate\\Routing\\Router->findRoute(Object(Illuminate\\Http\\Request))
#11 C:\\xampp7.4\\htdocs\\mediusware_bulk1\\vendor\\laravel\\framework\\src\\Illuminate\\Routing\\Router.php(612): Illuminate\\Routing\\Router->dispatchToRoute(Object(Illuminate\\Http\\Request))
#12 C:\\xampp7.4\\htdocs\\mediusware_bulk1\\vendor\\laravel\\framework\\src\\Illuminate\\Foundation\\Http\\Kernel.php(176): Illuminate\\Routing\\Router->dispatch(Object(Illuminate\\Http\\Request))
#13 C:\\xampp7.4\\htdocs\\mediusware_bulk1\\vendor\\laravel\\framework\\src\\Illuminate\\Routing\\Pipeline.php(30): Illuminate\\Foundation\\Http\\Kernel->Illuminate\\Foundation\\Http\\{closure}(Object(Illuminate\\Http\\Request))
#14 C:\\xampp7.4\\htdocs\\mediusware_bulk1\\vendor\\laravel\\framework\\src\\Illuminate\\Foundation\\Http\\Middleware\\TransformsRequest.php(21): Illuminate\\Routing\\Pipeline->Illuminate\\Routing\\{closure}(Object(Illuminate\\Http\\Request))
#15 C:\\xampp7.4\\htdocs\\mediusware_bulk1\\vendor\\laravel\\framework\\src\\Illuminate\\Pipeline\\Pipeline.php(163): Illuminate\\Foundation\\Http\\Middleware\\TransformsRequest->handle(Object(Illuminate\\Http\\Request), Object(Closure))
#16 C:\\xampp7.4\\htdocs\\mediusware_bulk1\\vendor\\laravel\\framework\\src\\Illuminate\\Routing\\Pipeline.php(53): Illuminate\\Pipeline\\Pipeline->Illuminate\\Pipeline\\{closure}(Object(Illuminate\\Http\\Request))
#17 C:\\xampp7.4\\htdocs\\mediusware_bulk1\\vendor\\laravel\\framework\\src\\Illuminate\\Foundation\\Http\\Middleware\\TransformsRequest.php(21): Illuminate\\Routing\\Pipeline->Illuminate\\Routing\\{closure}(Object(Illuminate\\Http\\Request))
#18 C:\\xampp7.4\\htdocs\\mediusware_bulk1\\vendor\\laravel\\framework\\src\\Illuminate\\Pipeline\\Pipeline.php(163): Illuminate\\Foundation\\Http\\Middleware\\TransformsRequest->handle(Object(Illuminate\\Http\\Request), Object(Closure))
#19 C:\\xampp7.4\\htdocs\\mediusware_bulk1\\vendor\\laravel\\framework\\src\\Illuminate\\Routing\\Pipeline.php(53): Illuminate\\Pipeline\\Pipeline->Illuminate\\Pipeline\\{closure}(Object(Illuminate\\Http\\Request))
#20 C:\\xampp7.4\\htdocs\\mediusware_bulk1\\vendor\\laravel\\framework\\src\\Illuminate\\Foundation\\Http\\Middleware\\ValidatePostSize.php(27): Illuminate\\Routing\\Pipeline->Illuminate\\Routing\\{closure}(Object(Illuminate\\Http\\Request))
#21 C:\\xampp7.4\\htdocs\\mediusware_bulk1\\vendor\\laravel\\framework\\src\\Illuminate\\Pipeline\\Pipeline.php(163): Illuminate\\Foundation\\Http\\Middleware\\ValidatePostSize->handle(Object(Illuminate\\Http\\Request), Object(Closure))
#22 C:\\xampp7.4\\htdocs\\mediusware_bulk1\\vendor\\laravel\\framework\\src\\Illuminate\\Routing\\Pipeline.php(53): Illuminate\\Pipeline\\Pipeline->Illuminate\\Pipeline\\{closure}(Object(Illuminate\\Http\\Request))
#23 C:\\xampp7.4\\htdocs\\mediusware_bulk1\\vendor\\laravel\\framework\\src\\Illuminate\\Foundation\\Http\\Middleware\\CheckForMaintenanceMode.php(62): Illuminate\\Routing\\Pipeline->Illuminate\\Routing\\{closure}(Object(Illuminate\\Http\\Request))
#24 C:\\xampp7.4\\htdocs\\mediusware_bulk1\\vendor\\laravel\\framework\\src\\Illuminate\\Pipeline\\Pipeline.php(163): Illuminate\\Foundation\\Http\\Middleware\\CheckForMaintenanceMode->handle(Object(Illuminate\\Http\\Request), Object(Closure))
#25 C:\\xampp7.4\\htdocs\\mediusware_bulk1\\vendor\\laravel\\framework\\src\\Illuminate\\Routing\\Pipeline.php(53): Illuminate\\Pipeline\\Pipeline->Illuminate\\Pipeline\\{closure}(Object(Illuminate\\Http\\Request))
#26 C:\\xampp7.4\\htdocs\\mediusware_bulk1\\vendor\\fideloper\\proxy\\src\\TrustProxies.php(57): Illuminate\\Routing\\Pipeline->Illuminate\\Routing\\{closure}(Object(Illuminate\\Http\\Request))
#27 C:\\xampp7.4\\htdocs\\mediusware_bulk1\\vendor\\laravel\\framework\\src\\Illuminate\\Pipeline\\Pipeline.php(163): Fideloper\\Proxy\\TrustProxies->handle(Object(Illuminate\\Http\\Request), Object(Closure))
#28 C:\\xampp7.4\\htdocs\\mediusware_bulk1\\vendor\\laravel\\framework\\src\\Illuminate\\Routing\\Pipeline.php(53): Illuminate\\Pipeline\\Pipeline->Illuminate\\Pipeline\\{closure}(Object(Illuminate\\Http\\Request))
#29 C:\\xampp7.4\\htdocs\\mediusware_bulk1\\vendor\\laravel\\framework\\src\\Illuminate\\Pipeline\\Pipeline.php(104): Illuminate\\Routing\\Pipeline->Illuminate\\Routing\\{closure}(Object(Illuminate\\Http\\Request))
#30 C:\\xampp7.4\\htdocs\\mediusware_bulk1\\vendor\\laravel\\framework\\src\\Illuminate\\Foundation\\Http\\Kernel.php(151): Illuminate\\Pipeline\\Pipeline->then(Object(Closure))
#31 C:\\xampp7.4\\htdocs\\mediusware_bulk1\\vendor\\laravel\\framework\\src\\Illuminate\\Foundation\\Http\\Kernel.php(116): Illuminate\\Foundation\\Http\\Kernel->sendRequestThroughRouter(Object(Illuminate\\Http\\Request))
#32 C:\\xampp7.4\\htdocs\\mediusware_bulk1\\public\\index.php(55): Illuminate\\Foundation\\Http\\Kernel->handle(Object(Illuminate\\Http\\Request))
#33 C:\\xampp7.4\\htdocs\\mediusware_bulk1\\server.php(21): require_once('C:\\\\xampp7.4\\\\htd...')
#34 {main}
"} 
[2020-09-14 05:59:24] local.ERROR: preg_match(): Compilation failed: invalid range in character class at offset 20 {"exception":"[object] (ErrorException(code: 0): preg_match(): Compilation failed: invalid range in character class at offset 20 at C:\\xampp7.4\\htdocs\\mediusware_bulk1\\vendor\\laravel\\framework\\src\\Illuminate\\Routing\\Matching\\UriValidator.php:21)
[stacktrace]
#0 [internal function]: Illuminate\\Foundation\\Bootstrap\\HandleExceptions->handleError(2, 'preg_match(): C...', 'C:\\\\xampp7.4\\\\htd...', 21, Array)
#1 C:\\xampp7.4\\htdocs\\mediusware_bulk1\\vendor\\laravel\\framework\\src\\Illuminate\\Routing\\Matching\\UriValidator.php(21): preg_match('#^/(?P<path>(?:...', '/js/vue-select....')
#2 C:\\xampp7.4\\htdocs\\mediusware_bulk1\\vendor\\laravel\\framework\\src\\Illuminate\\Routing\\Route.php(275): Illuminate\\Routing\\Matching\\UriValidator->matches(Object(Illuminate\\Routing\\Route), Object(Illuminate\\Http\\Request))
#3 C:\\xampp7.4\\htdocs\\mediusware_bulk1\\vendor\\laravel\\framework\\src\\Illuminate\\Routing\\RouteCollection.php(197): Illuminate\\Routing\\Route->matches(Object(Illuminate\\Http\\Request), true)
#4 [internal function]: Illuminate\\Routing\\RouteCollection->Illuminate\\Routing\\{closure}(Object(Illuminate\\Routing\\Route), '{path}')
#5 C:\\xampp7.4\\htdocs\\mediusware_bulk1\\vendor\\laravel\\framework\\src\\Illuminate\\Support\\Arr.php(175): call_user_func(Object(Closure), Object(Illuminate\\Routing\\Route), '{path}')
#6 C:\\xampp7.4\\htdocs\\mediusware_bulk1\\vendor\\laravel\\framework\\src\\Illuminate\\Support\\Collection.php(815): Illuminate\\Support\\Arr::first(Array, Object(Closure), NULL)
#7 C:\\xampp7.4\\htdocs\\mediusware_bulk1\\vendor\\laravel\\framework\\src\\Illuminate\\Routing\\RouteCollection.php(198): Illuminate\\Support\\Collection->first(Object(Closure))
#8 C:\\xampp7.4\\htdocs\\mediusware_bulk1\\vendor\\laravel\\framework\\src\\Illuminate\\Routing\\RouteCollection.php(164): Illuminate\\Routing\\RouteCollection->matchAgainstRoutes(Object(Illuminate\\Support\\Collection), Object(Illuminate\\Http\\Request))
#9 C:\\xampp7.4\\htdocs\\mediusware_bulk1\\vendor\\laravel\\framework\\src\\Illuminate\\Routing\\Router.php(634): Illuminate\\Routing\\RouteCollection->match(Object(Illuminate\\Http\\Request))
#10 C:\\xampp7.4\\htdocs\\mediusware_bulk1\\vendor\\laravel\\framework\\src\\Illuminate\\Routing\\Router.php(623): Illuminate\\Routing\\Router->findRoute(Object(Illuminate\\Http\\Request))
#11 C:\\xampp7.4\\htdocs\\mediusware_bulk1\\vendor\\laravel\\framework\\src\\Illuminate\\Routing\\Router.php(612): Illuminate\\Routing\\Router->dispatchToRoute(Object(Illuminate\\Http\\Request))
#12 C:\\xampp7.4\\htdocs\\mediusware_bulk1\\vendor\\laravel\\framework\\src\\Illuminate\\Foundation\\Http\\Kernel.php(176): Illuminate\\Routing\\Router->dispatch(Object(Illuminate\\Http\\Request))
#13 C:\\xampp7.4\\htdocs\\mediusware_bulk1\\vendor\\laravel\\framework\\src\\Illuminate\\Routing\\Pipeline.php(30): Illuminate\\Foundation\\Http\\Kernel->Illuminate\\Foundation\\Http\\{closure}(Object(Illuminate\\Http\\Request))
#14 C:\\xampp7.4\\htdocs\\mediusware_bulk1\\vendor\\laravel\\framework\\src\\Illuminate\\Foundation\\Http\\Middleware\\TransformsRequest.php(21): Illuminate\\Routing\\Pipeline->Illuminate\\Routing\\{closure}(Object(Illuminate\\Http\\Request))
#15 C:\\xampp7.4\\htdocs\\mediusware_bulk1\\vendor\\laravel\\framework\\src\\Illuminate\\Pipeline\\Pipeline.php(163): Illuminate\\Foundation\\Http\\Middleware\\TransformsRequest->handle(Object(Illuminate\\Http\\Request), Object(Closure))
#16 C:\\xampp7.4\\htdocs\\mediusware_bulk1\\vendor\\laravel\\framework\\src\\Illuminate\\Routing\\Pipeline.php(53): Illuminate\\Pipeline\\Pipeline->Illuminate\\Pipeline\\{closure}(Object(Illuminate\\Http\\Request))
#17 C:\\xampp7.4\\htdocs\\mediusware_bulk1\\vendor\\laravel\\framework\\src\\Illuminate\\Foundation\\Http\\Middleware\\TransformsRequest.php(21): Illuminate\\Routing\\Pipeline->Illuminate\\Routing\\{closure}(Object(Illuminate\\Http\\Request))
#18 C:\\xampp7.4\\htdocs\\mediusware_bulk1\\vendor\\laravel\\framework\\src\\Illuminate\\Pipeline\\Pipeline.php(163): Illuminate\\Foundation\\Http\\Middleware\\TransformsRequest->handle(Object(Illuminate\\Http\\Request), Object(Closure))
#19 C:\\xampp7.4\\htdocs\\mediusware_bulk1\\vendor\\laravel\\framework\\src\\Illuminate\\Routing\\Pipeline.php(53): Illuminate\\Pipeline\\Pipeline->Illuminate\\Pipeline\\{closure}(Object(Illuminate\\Http\\Request))
#20 C:\\xampp7.4\\htdocs\\mediusware_bulk1\\vendor\\laravel\\framework\\src\\Illuminate\\Foundation\\Http\\Middleware\\ValidatePostSize.php(27): Illuminate\\Routing\\Pipeline->Illuminate\\Routing\\{closure}(Object(Illuminate\\Http\\Request))
#21 C:\\xampp7.4\\htdocs\\mediusware_bulk1\\vendor\\laravel\\framework\\src\\Illuminate\\Pipeline\\Pipeline.php(163): Illuminate\\Foundation\\Http\\Middleware\\ValidatePostSize->handle(Object(Illuminate\\Http\\Request), Object(Closure))
#22 C:\\xampp7.4\\htdocs\\mediusware_bulk1\\vendor\\laravel\\framework\\src\\Illuminate\\Routing\\Pipeline.php(53): Illuminate\\Pipeline\\Pipeline->Illuminate\\Pipeline\\{closure}(Object(Illuminate\\Http\\Request))
#23 C:\\xampp7.4\\htdocs\\mediusware_bulk1\\vendor\\laravel\\framework\\src\\Illuminate\\Foundation\\Http\\Middleware\\CheckForMaintenanceMode.php(62): Illuminate\\Routing\\Pipeline->Illuminate\\Routing\\{closure}(Object(Illuminate\\Http\\Request))
#24 C:\\xampp7.4\\htdocs\\mediusware_bulk1\\vendor\\laravel\\framework\\src\\Illuminate\\Pipeline\\Pipeline.php(163): Illuminate\\Foundation\\Http\\Middleware\\CheckForMaintenanceMode->handle(Object(Illuminate\\Http\\Request), Object(Closure))
#25 C:\\xampp7.4\\htdocs\\mediusware_bulk1\\vendor\\laravel\\framework\\src\\Illuminate\\Routing\\Pipeline.php(53): Illuminate\\Pipeline\\Pipeline->Illuminate\\Pipeline\\{closure}(Object(Illuminate\\Http\\Request))
#26 C:\\xampp7.4\\htdocs\\mediusware_bulk1\\vendor\\fideloper\\proxy\\src\\TrustProxies.php(57): Illuminate\\Routing\\Pipeline->Illuminate\\Routing\\{closure}(Object(Illuminate\\Http\\Request))
#27 C:\\xampp7.4\\htdocs\\mediusware_bulk1\\vendor\\laravel\\framework\\src\\Illuminate\\Pipeline\\Pipeline.php(163): Fideloper\\Proxy\\TrustProxies->handle(Object(Illuminate\\Http\\Request), Object(Closure))
#28 C:\\xampp7.4\\htdocs\\mediusware_bulk1\\vendor\\laravel\\framework\\src\\Illuminate\\Routing\\Pipeline.php(53): Illuminate\\Pipeline\\Pipeline->Illuminate\\Pipeline\\{closure}(Object(Illuminate\\Http\\Request))
#29 C:\\xampp7.4\\htdocs\\mediusware_bulk1\\vendor\\laravel\\framework\\src\\Illuminate\\Pipeline\\Pipeline.php(104): Illuminate\\Routing\\Pipeline->Illuminate\\Routing\\{closure}(Object(Illuminate\\Http\\Request))
#30 C:\\xampp7.4\\htdocs\\mediusware_bulk1\\vendor\\laravel\\framework\\src\\Illuminate\\Foundation\\Http\\Kernel.php(151): Illuminate\\Pipeline\\Pipeline->then(Object(Closure))
#31 C:\\xampp7.4\\htdocs\\mediusware_bulk1\\vendor\\laravel\\framework\\src\\Illuminate\\Foundation\\Http\\Kernel.php(116): Illuminate\\Foundation\\Http\\Kernel->sendRequestThroughRouter(Object(Illuminate\\Http\\Request))
#32 C:\\xampp7.4\\htdocs\\mediusware_bulk1\\public\\index.php(55): Illuminate\\Foundation\\Http\\Kernel->handle(Object(Illuminate\\Http\\Request))
#33 C:\\xampp7.4\\htdocs\\mediusware_bulk1\\server.php(21): require_once('C:\\\\xampp7.4\\\\htd...')
#34 {main}
"} 
[2020-09-14 06:02:19] local.ERROR: preg_match(): Compilation failed: invalid range in character class at offset 20 {"exception":"[object] (ErrorException(code: 0): preg_match(): Compilation failed: invalid range in character class at offset 20 at C:\\xampp7.4\\htdocs\\mediusware_bulk1\\vendor\\laravel\\framework\\src\\Illuminate\\Routing\\Matching\\UriValidator.php:21)
[stacktrace]
#0 [internal function]: Illuminate\\Foundation\\Bootstrap\\HandleExceptions->handleError(2, 'preg_match(): C...', 'C:\\\\xampp7.4\\\\htd...', 21, Array)
#1 C:\\xampp7.4\\htdocs\\mediusware_bulk1\\vendor\\laravel\\framework\\src\\Illuminate\\Routing\\Matching\\UriValidator.php(21): preg_match('#^/(?P<path>(?:...', '/post/search')
#2 C:\\xampp7.4\\htdocs\\mediusware_bulk1\\vendor\\laravel\\framework\\src\\Illuminate\\Routing\\Route.php(275): Illuminate\\Routing\\Matching\\UriValidator->matches(Object(Illuminate\\Routing\\Route), Object(Illuminate\\Http\\Request))
#3 C:\\xampp7.4\\htdocs\\mediusware_bulk1\\vendor\\laravel\\framework\\src\\Illuminate\\Routing\\RouteCollection.php(197): Illuminate\\Routing\\Route->matches(Object(Illuminate\\Http\\Request), true)
#4 [internal function]: Illuminate\\Routing\\RouteCollection->Illuminate\\Routing\\{closure}(Object(Illuminate\\Routing\\Route), '{path}')
#5 C:\\xampp7.4\\htdocs\\mediusware_bulk1\\vendor\\laravel\\framework\\src\\Illuminate\\Support\\Arr.php(175): call_user_func(Object(Closure), Object(Illuminate\\Routing\\Route), '{path}')
#6 C:\\xampp7.4\\htdocs\\mediusware_bulk1\\vendor\\laravel\\framework\\src\\Illuminate\\Support\\Collection.php(815): Illuminate\\Support\\Arr::first(Array, Object(Closure), NULL)
#7 C:\\xampp7.4\\htdocs\\mediusware_bulk1\\vendor\\laravel\\framework\\src\\Illuminate\\Routing\\RouteCollection.php(198): Illuminate\\Support\\Collection->first(Object(Closure))
#8 C:\\xampp7.4\\htdocs\\mediusware_bulk1\\vendor\\laravel\\framework\\src\\Illuminate\\Routing\\RouteCollection.php(164): Illuminate\\Routing\\RouteCollection->matchAgainstRoutes(Object(Illuminate\\Support\\Collection), Object(Illuminate\\Http\\Request))
#9 C:\\xampp7.4\\htdocs\\mediusware_bulk1\\vendor\\laravel\\framework\\src\\Illuminate\\Routing\\Router.php(634): Illuminate\\Routing\\RouteCollection->match(Object(Illuminate\\Http\\Request))
#10 C:\\xampp7.4\\htdocs\\mediusware_bulk1\\vendor\\laravel\\framework\\src\\Illuminate\\Routing\\Router.php(623): Illuminate\\Routing\\Router->findRoute(Object(Illuminate\\Http\\Request))
#11 C:\\xampp7.4\\htdocs\\mediusware_bulk1\\vendor\\laravel\\framework\\src\\Illuminate\\Routing\\Router.php(612): Illuminate\\Routing\\Router->dispatchToRoute(Object(Illuminate\\Http\\Request))
#12 C:\\xampp7.4\\htdocs\\mediusware_bulk1\\vendor\\laravel\\framework\\src\\Illuminate\\Foundation\\Http\\Kernel.php(176): Illuminate\\Routing\\Router->dispatch(Object(Illuminate\\Http\\Request))
#13 C:\\xampp7.4\\htdocs\\mediusware_bulk1\\vendor\\laravel\\framework\\src\\Illuminate\\Routing\\Pipeline.php(30): Illuminate\\Foundation\\Http\\Kernel->Illuminate\\Foundation\\Http\\{closure}(Object(Illuminate\\Http\\Request))
#14 C:\\xampp7.4\\htdocs\\mediusware_bulk1\\vendor\\laravel\\framework\\src\\Illuminate\\Foundation\\Http\\Middleware\\TransformsRequest.php(21): Illuminate\\Routing\\Pipeline->Illuminate\\Routing\\{closure}(Object(Illuminate\\Http\\Request))
#15 C:\\xampp7.4\\htdocs\\mediusware_bulk1\\vendor\\laravel\\framework\\src\\Illuminate\\Pipeline\\Pipeline.php(163): Illuminate\\Foundation\\Http\\Middleware\\TransformsRequest->handle(Object(Illuminate\\Http\\Request), Object(Closure))
#16 C:\\xampp7.4\\htdocs\\mediusware_bulk1\\vendor\\laravel\\framework\\src\\Illuminate\\Routing\\Pipeline.php(53): Illuminate\\Pipeline\\Pipeline->Illuminate\\Pipeline\\{closure}(Object(Illuminate\\Http\\Request))
#17 C:\\xampp7.4\\htdocs\\mediusware_bulk1\\vendor\\laravel\\framework\\src\\Illuminate\\Foundation\\Http\\Middleware\\TransformsRequest.php(21): Illuminate\\Routing\\Pipeline->Illuminate\\Routing\\{closure}(Object(Illuminate\\Http\\Request))
#18 C:\\xampp7.4\\htdocs\\mediusware_bulk1\\vendor\\laravel\\framework\\src\\Illuminate\\Pipeline\\Pipeline.php(163): Illuminate\\Foundation\\Http\\Middleware\\TransformsRequest->handle(Object(Illuminate\\Http\\Request), Object(Closure))
#19 C:\\xampp7.4\\htdocs\\mediusware_bulk1\\vendor\\laravel\\framework\\src\\Illuminate\\Routing\\Pipeline.php(53): Illuminate\\Pipeline\\Pipeline->Illuminate\\Pipeline\\{closure}(Object(Illuminate\\Http\\Request))
#20 C:\\xampp7.4\\htdocs\\mediusware_bulk1\\vendor\\laravel\\framework\\src\\Illuminate\\Foundation\\Http\\Middleware\\ValidatePostSize.php(27): Illuminate\\Routing\\Pipeline->Illuminate\\Routing\\{closure}(Object(Illuminate\\Http\\Request))
#21 C:\\xampp7.4\\htdocs\\mediusware_bulk1\\vendor\\laravel\\framework\\src\\Illuminate\\Pipeline\\Pipeline.php(163): Illuminate\\Foundation\\Http\\Middleware\\ValidatePostSize->handle(Object(Illuminate\\Http\\Request), Object(Closure))
#22 C:\\xampp7.4\\htdocs\\mediusware_bulk1\\vendor\\laravel\\framework\\src\\Illuminate\\Routing\\Pipeline.php(53): Illuminate\\Pipeline\\Pipeline->Illuminate\\Pipeline\\{closure}(Object(Illuminate\\Http\\Request))
#23 C:\\xampp7.4\\htdocs\\mediusware_bulk1\\vendor\\laravel\\framework\\src\\Illuminate\\Foundation\\Http\\Middleware\\CheckForMaintenanceMode.php(62): Illuminate\\Routing\\Pipeline->Illuminate\\Routing\\{closure}(Object(Illuminate\\Http\\Request))
#24 C:\\xampp7.4\\htdocs\\mediusware_bulk1\\vendor\\laravel\\framework\\src\\Illuminate\\Pipeline\\Pipeline.php(163): Illuminate\\Foundation\\Http\\Middleware\\CheckForMaintenanceMode->handle(Object(Illuminate\\Http\\Request), Object(Closure))
#25 C:\\xampp7.4\\htdocs\\mediusware_bulk1\\vendor\\laravel\\framework\\src\\Illuminate\\Routing\\Pipeline.php(53): Illuminate\\Pipeline\\Pipeline->Illuminate\\Pipeline\\{closure}(Object(Illuminate\\Http\\Request))
#26 C:\\xampp7.4\\htdocs\\mediusware_bulk1\\vendor\\fideloper\\proxy\\src\\TrustProxies.php(57): Illuminate\\Routing\\Pipeline->Illuminate\\Routing\\{closure}(Object(Illuminate\\Http\\Request))
#27 C:\\xampp7.4\\htdocs\\mediusware_bulk1\\vendor\\laravel\\framework\\src\\Illuminate\\Pipeline\\Pipeline.php(163): Fideloper\\Proxy\\TrustProxies->handle(Object(Illuminate\\Http\\Request), Object(Closure))
#28 C:\\xampp7.4\\htdocs\\mediusware_bulk1\\vendor\\laravel\\framework\\src\\Illuminate\\Routing\\Pipeline.php(53): Illuminate\\Pipeline\\Pipeline->Illuminate\\Pipeline\\{closure}(Object(Illuminate\\Http\\Request))
#29 C:\\xampp7.4\\htdocs\\mediusware_bulk1\\vendor\\laravel\\framework\\src\\Illuminate\\Pipeline\\Pipeline.php(104): Illuminate\\Routing\\Pipeline->Illuminate\\Routing\\{closure}(Object(Illuminate\\Http\\Request))
#30 C:\\xampp7.4\\htdocs\\mediusware_bulk1\\vendor\\laravel\\framework\\src\\Illuminate\\Foundation\\Http\\Kernel.php(151): Illuminate\\Pipeline\\Pipeline->then(Object(Closure))
#31 C:\\xampp7.4\\htdocs\\mediusware_bulk1\\vendor\\laravel\\framework\\src\\Illuminate\\Foundation\\Http\\Kernel.php(116): Illuminate\\Foundation\\Http\\Kernel->sendRequestThroughRouter(Object(Illuminate\\Http\\Request))
#32 C:\\xampp7.4\\htdocs\\mediusware_bulk1\\public\\index.php(55): Illuminate\\Foundation\\Http\\Kernel->handle(Object(Illuminate\\Http\\Request))
#33 C:\\xampp7.4\\htdocs\\mediusware_bulk1\\server.php(21): require_once('C:\\\\xampp7.4\\\\htd...')
#34 {main}
"} 
[2020-09-14 07:03:57] local.ERROR: preg_match(): Compilation failed: invalid range in character class at offset 20 {"exception":"[object] (ErrorException(code: 0): preg_match(): Compilation failed: invalid range in character class at offset 20 at C:\\xampp7.4\\htdocs\\mediusware_bulk1\\vendor\\laravel\\framework\\src\\Illuminate\\Routing\\Matching\\UriValidator.php:21)
[stacktrace]
#0 [internal function]: Illuminate\\Foundation\\Bootstrap\\HandleExceptions->handleError(2, 'preg_match(): C...', 'C:\\\\xampp7.4\\\\htd...', 21, Array)
#1 C:\\xampp7.4\\htdocs\\mediusware_bulk1\\vendor\\laravel\\framework\\src\\Illuminate\\Routing\\Matching\\UriValidator.php(21): preg_match('#^/(?P<path>(?:...', '/post/search=Go...')
#2 C:\\xampp7.4\\htdocs\\mediusware_bulk1\\vendor\\laravel\\framework\\src\\Illuminate\\Routing\\Route.php(275): Illuminate\\Routing\\Matching\\UriValidator->matches(Object(Illuminate\\Routing\\Route), Object(Illuminate\\Http\\Request))
#3 C:\\xampp7.4\\htdocs\\mediusware_bulk1\\vendor\\laravel\\framework\\src\\Illuminate\\Routing\\RouteCollection.php(197): Illuminate\\Routing\\Route->matches(Object(Illuminate\\Http\\Request), true)
#4 [internal function]: Illuminate\\Routing\\RouteCollection->Illuminate\\Routing\\{closure}(Object(Illuminate\\Routing\\Route), '{path}')
#5 C:\\xampp7.4\\htdocs\\mediusware_bulk1\\vendor\\laravel\\framework\\src\\Illuminate\\Support\\Arr.php(175): call_user_func(Object(Closure), Object(Illuminate\\Routing\\Route), '{path}')
#6 C:\\xampp7.4\\htdocs\\mediusware_bulk1\\vendor\\laravel\\framework\\src\\Illuminate\\Support\\Collection.php(815): Illuminate\\Support\\Arr::first(Array, Object(Closure), NULL)
#7 C:\\xampp7.4\\htdocs\\mediusware_bulk1\\vendor\\laravel\\framework\\src\\Illuminate\\Routing\\RouteCollection.php(198): Illuminate\\Support\\Collection->first(Object(Closure))
#8 C:\\xampp7.4\\htdocs\\mediusware_bulk1\\vendor\\laravel\\framework\\src\\Illuminate\\Routing\\RouteCollection.php(164): Illuminate\\Routing\\RouteCollection->matchAgainstRoutes(Object(Illuminate\\Support\\Collection), Object(Illuminate\\Http\\Request))
#9 C:\\xampp7.4\\htdocs\\mediusware_bulk1\\vendor\\laravel\\framework\\src\\Illuminate\\Routing\\Router.php(634): Illuminate\\Routing\\RouteCollection->match(Object(Illuminate\\Http\\Request))
#10 C:\\xampp7.4\\htdocs\\mediusware_bulk1\\vendor\\laravel\\framework\\src\\Illuminate\\Routing\\Router.php(623): Illuminate\\Routing\\Router->findRoute(Object(Illuminate\\Http\\Request))
#11 C:\\xampp7.4\\htdocs\\mediusware_bulk1\\vendor\\laravel\\framework\\src\\Illuminate\\Routing\\Router.php(612): Illuminate\\Routing\\Router->dispatchToRoute(Object(Illuminate\\Http\\Request))
#12 C:\\xampp7.4\\htdocs\\mediusware_bulk1\\vendor\\laravel\\framework\\src\\Illuminate\\Foundation\\Http\\Kernel.php(176): Illuminate\\Routing\\Router->dispatch(Object(Illuminate\\Http\\Request))
#13 C:\\xampp7.4\\htdocs\\mediusware_bulk1\\vendor\\laravel\\framework\\src\\Illuminate\\Routing\\Pipeline.php(30): Illuminate\\Foundation\\Http\\Kernel->Illuminate\\Foundation\\Http\\{closure}(Object(Illuminate\\Http\\Request))
#14 C:\\xampp7.4\\htdocs\\mediusware_bulk1\\vendor\\laravel\\framework\\src\\Illuminate\\Foundation\\Http\\Middleware\\TransformsRequest.php(21): Illuminate\\Routing\\Pipeline->Illuminate\\Routing\\{closure}(Object(Illuminate\\Http\\Request))
#15 C:\\xampp7.4\\htdocs\\mediusware_bulk1\\vendor\\laravel\\framework\\src\\Illuminate\\Pipeline\\Pipeline.php(163): Illuminate\\Foundation\\Http\\Middleware\\TransformsRequest->handle(Object(Illuminate\\Http\\Request), Object(Closure))
#16 C:\\xampp7.4\\htdocs\\mediusware_bulk1\\vendor\\laravel\\framework\\src\\Illuminate\\Routing\\Pipeline.php(53): Illuminate\\Pipeline\\Pipeline->Illuminate\\Pipeline\\{closure}(Object(Illuminate\\Http\\Request))
#17 C:\\xampp7.4\\htdocs\\mediusware_bulk1\\vendor\\laravel\\framework\\src\\Illuminate\\Foundation\\Http\\Middleware\\TransformsRequest.php(21): Illuminate\\Routing\\Pipeline->Illuminate\\Routing\\{closure}(Object(Illuminate\\Http\\Request))
#18 C:\\xampp7.4\\htdocs\\mediusware_bulk1\\vendor\\laravel\\framework\\src\\Illuminate\\Pipeline\\Pipeline.php(163): Illuminate\\Foundation\\Http\\Middleware\\TransformsRequest->handle(Object(Illuminate\\Http\\Request), Object(Closure))
#19 C:\\xampp7.4\\htdocs\\mediusware_bulk1\\vendor\\laravel\\framework\\src\\Illuminate\\Routing\\Pipeline.php(53): Illuminate\\Pipeline\\Pipeline->Illuminate\\Pipeline\\{closure}(Object(Illuminate\\Http\\Request))
#20 C:\\xampp7.4\\htdocs\\mediusware_bulk1\\vendor\\laravel\\framework\\src\\Illuminate\\Foundation\\Http\\Middleware\\ValidatePostSize.php(27): Illuminate\\Routing\\Pipeline->Illuminate\\Routing\\{closure}(Object(Illuminate\\Http\\Request))
#21 C:\\xampp7.4\\htdocs\\mediusware_bulk1\\vendor\\laravel\\framework\\src\\Illuminate\\Pipeline\\Pipeline.php(163): Illuminate\\Foundation\\Http\\Middleware\\ValidatePostSize->handle(Object(Illuminate\\Http\\Request), Object(Closure))
#22 C:\\xampp7.4\\htdocs\\mediusware_bulk1\\vendor\\laravel\\framework\\src\\Illuminate\\Routing\\Pipeline.php(53): Illuminate\\Pipeline\\Pipeline->Illuminate\\Pipeline\\{closure}(Object(Illuminate\\Http\\Request))
#23 C:\\xampp7.4\\htdocs\\mediusware_bulk1\\vendor\\laravel\\framework\\src\\Illuminate\\Foundation\\Http\\Middleware\\CheckForMaintenanceMode.php(62): Illuminate\\Routing\\Pipeline->Illuminate\\Routing\\{closure}(Object(Illuminate\\Http\\Request))
#24 C:\\xampp7.4\\htdocs\\mediusware_bulk1\\vendor\\laravel\\framework\\src\\Illuminate\\Pipeline\\Pipeline.php(163): Illuminate\\Foundation\\Http\\Middleware\\CheckForMaintenanceMode->handle(Object(Illuminate\\Http\\Request), Object(Closure))
#25 C:\\xampp7.4\\htdocs\\mediusware_bulk1\\vendor\\laravel\\framework\\src\\Illuminate\\Routing\\Pipeline.php(53): Illuminate\\Pipeline\\Pipeline->Illuminate\\Pipeline\\{closure}(Object(Illuminate\\Http\\Request))
#26 C:\\xampp7.4\\htdocs\\mediusware_bulk1\\vendor\\fideloper\\proxy\\src\\TrustProxies.php(57): Illuminate\\Routing\\Pipeline->Illuminate\\Routing\\{closure}(Object(Illuminate\\Http\\Request))
#27 C:\\xampp7.4\\htdocs\\mediusware_bulk1\\vendor\\laravel\\framework\\src\\Illuminate\\Pipeline\\Pipeline.php(163): Fideloper\\Proxy\\TrustProxies->handle(Object(Illuminate\\Http\\Request), Object(Closure))
#28 C:\\xampp7.4\\htdocs\\mediusware_bulk1\\vendor\\laravel\\framework\\src\\Illuminate\\Routing\\Pipeline.php(53): Illuminate\\Pipeline\\Pipeline->Illuminate\\Pipeline\\{closure}(Object(Illuminate\\Http\\Request))
#29 C:\\xampp7.4\\htdocs\\mediusware_bulk1\\vendor\\laravel\\framework\\src\\Illuminate\\Pipeline\\Pipeline.php(104): Illuminate\\Routing\\Pipeline->Illuminate\\Routing\\{closure}(Object(Illuminate\\Http\\Request))
#30 C:\\xampp7.4\\htdocs\\mediusware_bulk1\\vendor\\laravel\\framework\\src\\Illuminate\\Foundation\\Http\\Kernel.php(151): Illuminate\\Pipeline\\Pipeline->then(Object(Closure))
#31 C:\\xampp7.4\\htdocs\\mediusware_bulk1\\vendor\\laravel\\framework\\src\\Illuminate\\Foundation\\Http\\Kernel.php(116): Illuminate\\Foundation\\Http\\Kernel->sendRequestThroughRouter(Object(Illuminate\\Http\\Request))
#32 C:\\xampp7.4\\htdocs\\mediusware_bulk1\\public\\index.php(55): Illuminate\\Foundation\\Http\\Kernel->handle(Object(Illuminate\\Http\\Request))
#33 C:\\xampp7.4\\htdocs\\mediusware_bulk1\\server.php(21): require_once('C:\\\\xampp7.4\\\\htd...')
#34 {main}
"} 
[2020-09-14 07:05:04] local.ERROR: preg_match(): Compilation failed: invalid range in character class at offset 20 {"exception":"[object] (ErrorException(code: 0): preg_match(): Compilation failed: invalid range in character class at offset 20 at C:\\xampp7.4\\htdocs\\mediusware_bulk1\\vendor\\laravel\\framework\\src\\Illuminate\\Routing\\Matching\\UriValidator.php:21)
[stacktrace]
#0 [internal function]: Illuminate\\Foundation\\Bootstrap\\HandleExceptions->handleError(2, 'preg_match(): C...', 'C:\\\\xampp7.4\\\\htd...', 21, Array)
#1 C:\\xampp7.4\\htdocs\\mediusware_bulk1\\vendor\\laravel\\framework\\src\\Illuminate\\Routing\\Matching\\UriValidator.php(21): preg_match('#^/(?P<path>(?:...', '/js/vue-select....')
#2 C:\\xampp7.4\\htdocs\\mediusware_bulk1\\vendor\\laravel\\framework\\src\\Illuminate\\Routing\\Route.php(275): Illuminate\\Routing\\Matching\\UriValidator->matches(Object(Illuminate\\Routing\\Route), Object(Illuminate\\Http\\Request))
#3 C:\\xampp7.4\\htdocs\\mediusware_bulk1\\vendor\\laravel\\framework\\src\\Illuminate\\Routing\\RouteCollection.php(197): Illuminate\\Routing\\Route->matches(Object(Illuminate\\Http\\Request), true)
#4 [internal function]: Illuminate\\Routing\\RouteCollection->Illuminate\\Routing\\{closure}(Object(Illuminate\\Routing\\Route), '{path}')
#5 C:\\xampp7.4\\htdocs\\mediusware_bulk1\\vendor\\laravel\\framework\\src\\Illuminate\\Support\\Arr.php(175): call_user_func(Object(Closure), Object(Illuminate\\Routing\\Route), '{path}')
#6 C:\\xampp7.4\\htdocs\\mediusware_bulk1\\vendor\\laravel\\framework\\src\\Illuminate\\Support\\Collection.php(815): Illuminate\\Support\\Arr::first(Array, Object(Closure), NULL)
#7 C:\\xampp7.4\\htdocs\\mediusware_bulk1\\vendor\\laravel\\framework\\src\\Illuminate\\Routing\\RouteCollection.php(198): Illuminate\\Support\\Collection->first(Object(Closure))
#8 C:\\xampp7.4\\htdocs\\mediusware_bulk1\\vendor\\laravel\\framework\\src\\Illuminate\\Routing\\RouteCollection.php(164): Illuminate\\Routing\\RouteCollection->matchAgainstRoutes(Object(Illuminate\\Support\\Collection), Object(Illuminate\\Http\\Request))
#9 C:\\xampp7.4\\htdocs\\mediusware_bulk1\\vendor\\laravel\\framework\\src\\Illuminate\\Routing\\Router.php(634): Illuminate\\Routing\\RouteCollection->match(Object(Illuminate\\Http\\Request))
#10 C:\\xampp7.4\\htdocs\\mediusware_bulk1\\vendor\\laravel\\framework\\src\\Illuminate\\Routing\\Router.php(623): Illuminate\\Routing\\Router->findRoute(Object(Illuminate\\Http\\Request))
#11 C:\\xampp7.4\\htdocs\\mediusware_bulk1\\vendor\\laravel\\framework\\src\\Illuminate\\Routing\\Router.php(612): Illuminate\\Routing\\Router->dispatchToRoute(Object(Illuminate\\Http\\Request))
#12 C:\\xampp7.4\\htdocs\\mediusware_bulk1\\vendor\\laravel\\framework\\src\\Illuminate\\Foundation\\Http\\Kernel.php(176): Illuminate\\Routing\\Router->dispatch(Object(Illuminate\\Http\\Request))
#13 C:\\xampp7.4\\htdocs\\mediusware_bulk1\\vendor\\laravel\\framework\\src\\Illuminate\\Routing\\Pipeline.php(30): Illuminate\\Foundation\\Http\\Kernel->Illuminate\\Foundation\\Http\\{closure}(Object(Illuminate\\Http\\Request))
#14 C:\\xampp7.4\\htdocs\\mediusware_bulk1\\vendor\\laravel\\framework\\src\\Illuminate\\Foundation\\Http\\Middleware\\TransformsRequest.php(21): Illuminate\\Routing\\Pipeline->Illuminate\\Routing\\{closure}(Object(Illuminate\\Http\\Request))
#15 C:\\xampp7.4\\htdocs\\mediusware_bulk1\\vendor\\laravel\\framework\\src\\Illuminate\\Pipeline\\Pipeline.php(163): Illuminate\\Foundation\\Http\\Middleware\\TransformsRequest->handle(Object(Illuminate\\Http\\Request), Object(Closure))
#16 C:\\xampp7.4\\htdocs\\mediusware_bulk1\\vendor\\laravel\\framework\\src\\Illuminate\\Routing\\Pipeline.php(53): Illuminate\\Pipeline\\Pipeline->Illuminate\\Pipeline\\{closure}(Object(Illuminate\\Http\\Request))
#17 C:\\xampp7.4\\htdocs\\mediusware_bulk1\\vendor\\laravel\\framework\\src\\Illuminate\\Foundation\\Http\\Middleware\\TransformsRequest.php(21): Illuminate\\Routing\\Pipeline->Illuminate\\Routing\\{closure}(Object(Illuminate\\Http\\Request))
#18 C:\\xampp7.4\\htdocs\\mediusware_bulk1\\vendor\\laravel\\framework\\src\\Illuminate\\Pipeline\\Pipeline.php(163): Illuminate\\Foundation\\Http\\Middleware\\TransformsRequest->handle(Object(Illuminate\\Http\\Request), Object(Closure))
#19 C:\\xampp7.4\\htdocs\\mediusware_bulk1\\vendor\\laravel\\framework\\src\\Illuminate\\Routing\\Pipeline.php(53): Illuminate\\Pipeline\\Pipeline->Illuminate\\Pipeline\\{closure}(Object(Illuminate\\Http\\Request))
#20 C:\\xampp7.4\\htdocs\\mediusware_bulk1\\vendor\\laravel\\framework\\src\\Illuminate\\Foundation\\Http\\Middleware\\ValidatePostSize.php(27): Illuminate\\Routing\\Pipeline->Illuminate\\Routing\\{closure}(Object(Illuminate\\Http\\Request))
#21 C:\\xampp7.4\\htdocs\\mediusware_bulk1\\vendor\\laravel\\framework\\src\\Illuminate\\Pipeline\\Pipeline.php(163): Illuminate\\Foundation\\Http\\Middleware\\ValidatePostSize->handle(Object(Illuminate\\Http\\Request), Object(Closure))
#22 C:\\xampp7.4\\htdocs\\mediusware_bulk1\\vendor\\laravel\\framework\\src\\Illuminate\\Routing\\Pipeline.php(53): Illuminate\\Pipeline\\Pipeline->Illuminate\\Pipeline\\{closure}(Object(Illuminate\\Http\\Request))
#23 C:\\xampp7.4\\htdocs\\mediusware_bulk1\\vendor\\laravel\\framework\\src\\Illuminate\\Foundation\\Http\\Middleware\\CheckForMaintenanceMode.php(62): Illuminate\\Routing\\Pipeline->Illuminate\\Routing\\{closure}(Object(Illuminate\\Http\\Request))
#24 C:\\xampp7.4\\htdocs\\mediusware_bulk1\\vendor\\laravel\\framework\\src\\Illuminate\\Pipeline\\Pipeline.php(163): Illuminate\\Foundation\\Http\\Middleware\\CheckForMaintenanceMode->handle(Object(Illuminate\\Http\\Request), Object(Closure))
#25 C:\\xampp7.4\\htdocs\\mediusware_bulk1\\vendor\\laravel\\framework\\src\\Illuminate\\Routing\\Pipeline.php(53): Illuminate\\Pipeline\\Pipeline->Illuminate\\Pipeline\\{closure}(Object(Illuminate\\Http\\Request))
#26 C:\\xampp7.4\\htdocs\\mediusware_bulk1\\vendor\\fideloper\\proxy\\src\\TrustProxies.php(57): Illuminate\\Routing\\Pipeline->Illuminate\\Routing\\{closure}(Object(Illuminate\\Http\\Request))
#27 C:\\xampp7.4\\htdocs\\mediusware_bulk1\\vendor\\laravel\\framework\\src\\Illuminate\\Pipeline\\Pipeline.php(163): Fideloper\\Proxy\\TrustProxies->handle(Object(Illuminate\\Http\\Request), Object(Closure))
#28 C:\\xampp7.4\\htdocs\\mediusware_bulk1\\vendor\\laravel\\framework\\src\\Illuminate\\Routing\\Pipeline.php(53): Illuminate\\Pipeline\\Pipeline->Illuminate\\Pipeline\\{closure}(Object(Illuminate\\Http\\Request))
#29 C:\\xampp7.4\\htdocs\\mediusware_bulk1\\vendor\\laravel\\framework\\src\\Illuminate\\Pipeline\\Pipeline.php(104): Illuminate\\Routing\\Pipeline->Illuminate\\Routing\\{closure}(Object(Illuminate\\Http\\Request))
#30 C:\\xampp7.4\\htdocs\\mediusware_bulk1\\vendor\\laravel\\framework\\src\\Illuminate\\Foundation\\Http\\Kernel.php(151): Illuminate\\Pipeline\\Pipeline->then(Object(Closure))
#31 C:\\xampp7.4\\htdocs\\mediusware_bulk1\\vendor\\laravel\\framework\\src\\Illuminate\\Foundation\\Http\\Kernel.php(116): Illuminate\\Foundation\\Http\\Kernel->sendRequestThroughRouter(Object(Illuminate\\Http\\Request))
#32 C:\\xampp7.4\\htdocs\\mediusware_bulk1\\public\\index.php(55): Illuminate\\Foundation\\Http\\Kernel->handle(Object(Illuminate\\Http\\Request))
#33 C:\\xampp7.4\\htdocs\\mediusware_bulk1\\server.php(21): require_once('C:\\\\xampp7.4\\\\htd...')
#34 {main}
"} 
[2020-09-14 07:05:28] local.ERROR: preg_match(): Compilation failed: invalid range in character class at offset 20 {"exception":"[object] (ErrorException(code: 0): preg_match(): Compilation failed: invalid range in character class at offset 20 at C:\\xampp7.4\\htdocs\\mediusware_bulk1\\vendor\\laravel\\framework\\src\\Illuminate\\Routing\\Matching\\UriValidator.php:21)
[stacktrace]
#0 [internal function]: Illuminate\\Foundation\\Bootstrap\\HandleExceptions->handleError(2, 'preg_match(): C...', 'C:\\\\xampp7.4\\\\htd...', 21, Array)
#1 C:\\xampp7.4\\htdocs\\mediusware_bulk1\\vendor\\laravel\\framework\\src\\Illuminate\\Routing\\Matching\\UriValidator.php(21): preg_match('#^/(?P<path>(?:...', '/post/search=Go...')
#2 C:\\xampp7.4\\htdocs\\mediusware_bulk1\\vendor\\laravel\\framework\\src\\Illuminate\\Routing\\Route.php(275): Illuminate\\Routing\\Matching\\UriValidator->matches(Object(Illuminate\\Routing\\Route), Object(Illuminate\\Http\\Request))
#3 C:\\xampp7.4\\htdocs\\mediusware_bulk1\\vendor\\laravel\\framework\\src\\Illuminate\\Routing\\RouteCollection.php(197): Illuminate\\Routing\\Route->matches(Object(Illuminate\\Http\\Request), true)
#4 [internal function]: Illuminate\\Routing\\RouteCollection->Illuminate\\Routing\\{closure}(Object(Illuminate\\Routing\\Route), '{path}')
#5 C:\\xampp7.4\\htdocs\\mediusware_bulk1\\vendor\\laravel\\framework\\src\\Illuminate\\Support\\Arr.php(175): call_user_func(Object(Closure), Object(Illuminate\\Routing\\Route), '{path}')
#6 C:\\xampp7.4\\htdocs\\mediusware_bulk1\\vendor\\laravel\\framework\\src\\Illuminate\\Support\\Collection.php(815): Illuminate\\Support\\Arr::first(Array, Object(Closure), NULL)
#7 C:\\xampp7.4\\htdocs\\mediusware_bulk1\\vendor\\laravel\\framework\\src\\Illuminate\\Routing\\RouteCollection.php(198): Illuminate\\Support\\Collection->first(Object(Closure))
#8 C:\\xampp7.4\\htdocs\\mediusware_bulk1\\vendor\\laravel\\framework\\src\\Illuminate\\Routing\\RouteCollection.php(164): Illuminate\\Routing\\RouteCollection->matchAgainstRoutes(Object(Illuminate\\Support\\Collection), Object(Illuminate\\Http\\Request))
#9 C:\\xampp7.4\\htdocs\\mediusware_bulk1\\vendor\\laravel\\framework\\src\\Illuminate\\Routing\\Router.php(634): Illuminate\\Routing\\RouteCollection->match(Object(Illuminate\\Http\\Request))
#10 C:\\xampp7.4\\htdocs\\mediusware_bulk1\\vendor\\laravel\\framework\\src\\Illuminate\\Routing\\Router.php(623): Illuminate\\Routing\\Router->findRoute(Object(Illuminate\\Http\\Request))
#11 C:\\xampp7.4\\htdocs\\mediusware_bulk1\\vendor\\laravel\\framework\\src\\Illuminate\\Routing\\Router.php(612): Illuminate\\Routing\\Router->dispatchToRoute(Object(Illuminate\\Http\\Request))
#12 C:\\xampp7.4\\htdocs\\mediusware_bulk1\\vendor\\laravel\\framework\\src\\Illuminate\\Foundation\\Http\\Kernel.php(176): Illuminate\\Routing\\Router->dispatch(Object(Illuminate\\Http\\Request))
#13 C:\\xampp7.4\\htdocs\\mediusware_bulk1\\vendor\\laravel\\framework\\src\\Illuminate\\Routing\\Pipeline.php(30): Illuminate\\Foundation\\Http\\Kernel->Illuminate\\Foundation\\Http\\{closure}(Object(Illuminate\\Http\\Request))
#14 C:\\xampp7.4\\htdocs\\mediusware_bulk1\\vendor\\laravel\\framework\\src\\Illuminate\\Foundation\\Http\\Middleware\\TransformsRequest.php(21): Illuminate\\Routing\\Pipeline->Illuminate\\Routing\\{closure}(Object(Illuminate\\Http\\Request))
#15 C:\\xampp7.4\\htdocs\\mediusware_bulk1\\vendor\\laravel\\framework\\src\\Illuminate\\Pipeline\\Pipeline.php(163): Illuminate\\Foundation\\Http\\Middleware\\TransformsRequest->handle(Object(Illuminate\\Http\\Request), Object(Closure))
#16 C:\\xampp7.4\\htdocs\\mediusware_bulk1\\vendor\\laravel\\framework\\src\\Illuminate\\Routing\\Pipeline.php(53): Illuminate\\Pipeline\\Pipeline->Illuminate\\Pipeline\\{closure}(Object(Illuminate\\Http\\Request))
#17 C:\\xampp7.4\\htdocs\\mediusware_bulk1\\vendor\\laravel\\framework\\src\\Illuminate\\Foundation\\Http\\Middleware\\TransformsRequest.php(21): Illuminate\\Routing\\Pipeline->Illuminate\\Routing\\{closure}(Object(Illuminate\\Http\\Request))
#18 C:\\xampp7.4\\htdocs\\mediusware_bulk1\\vendor\\laravel\\framework\\src\\Illuminate\\Pipeline\\Pipeline.php(163): Illuminate\\Foundation\\Http\\Middleware\\TransformsRequest->handle(Object(Illuminate\\Http\\Request), Object(Closure))
#19 C:\\xampp7.4\\htdocs\\mediusware_bulk1\\vendor\\laravel\\framework\\src\\Illuminate\\Routing\\Pipeline.php(53): Illuminate\\Pipeline\\Pipeline->Illuminate\\Pipeline\\{closure}(Object(Illuminate\\Http\\Request))
#20 C:\\xampp7.4\\htdocs\\mediusware_bulk1\\vendor\\laravel\\framework\\src\\Illuminate\\Foundation\\Http\\Middleware\\ValidatePostSize.php(27): Illuminate\\Routing\\Pipeline->Illuminate\\Routing\\{closure}(Object(Illuminate\\Http\\Request))
#21 C:\\xampp7.4\\htdocs\\mediusware_bulk1\\vendor\\laravel\\framework\\src\\Illuminate\\Pipeline\\Pipeline.php(163): Illuminate\\Foundation\\Http\\Middleware\\ValidatePostSize->handle(Object(Illuminate\\Http\\Request), Object(Closure))
#22 C:\\xampp7.4\\htdocs\\mediusware_bulk1\\vendor\\laravel\\framework\\src\\Illuminate\\Routing\\Pipeline.php(53): Illuminate\\Pipeline\\Pipeline->Illuminate\\Pipeline\\{closure}(Object(Illuminate\\Http\\Request))
#23 C:\\xampp7.4\\htdocs\\mediusware_bulk1\\vendor\\laravel\\framework\\src\\Illuminate\\Foundation\\Http\\Middleware\\CheckForMaintenanceMode.php(62): Illuminate\\Routing\\Pipeline->Illuminate\\Routing\\{closure}(Object(Illuminate\\Http\\Request))
#24 C:\\xampp7.4\\htdocs\\mediusware_bulk1\\vendor\\laravel\\framework\\src\\Illuminate\\Pipeline\\Pipeline.php(163): Illuminate\\Foundation\\Http\\Middleware\\CheckForMaintenanceMode->handle(Object(Illuminate\\Http\\Request), Object(Closure))
#25 C:\\xampp7.4\\htdocs\\mediusware_bulk1\\vendor\\laravel\\framework\\src\\Illuminate\\Routing\\Pipeline.php(53): Illuminate\\Pipeline\\Pipeline->Illuminate\\Pipeline\\{closure}(Object(Illuminate\\Http\\Request))
#26 C:\\xampp7.4\\htdocs\\mediusware_bulk1\\vendor\\fideloper\\proxy\\src\\TrustProxies.php(57): Illuminate\\Routing\\Pipeline->Illuminate\\Routing\\{closure}(Object(Illuminate\\Http\\Request))
#27 C:\\xampp7.4\\htdocs\\mediusware_bulk1\\vendor\\laravel\\framework\\src\\Illuminate\\Pipeline\\Pipeline.php(163): Fideloper\\Proxy\\TrustProxies->handle(Object(Illuminate\\Http\\Request), Object(Closure))
#28 C:\\xampp7.4\\htdocs\\mediusware_bulk1\\vendor\\laravel\\framework\\src\\Illuminate\\Routing\\Pipeline.php(53): Illuminate\\Pipeline\\Pipeline->Illuminate\\Pipeline\\{closure}(Object(Illuminate\\Http\\Request))
#29 C:\\xampp7.4\\htdocs\\mediusware_bulk1\\vendor\\laravel\\framework\\src\\Illuminate\\Pipeline\\Pipeline.php(104): Illuminate\\Routing\\Pipeline->Illuminate\\Routing\\{closure}(Object(Illuminate\\Http\\Request))
#30 C:\\xampp7.4\\htdocs\\mediusware_bulk1\\vendor\\laravel\\framework\\src\\Illuminate\\Foundation\\Http\\Kernel.php(151): Illuminate\\Pipeline\\Pipeline->then(Object(Closure))
#31 C:\\xampp7.4\\htdocs\\mediusware_bulk1\\vendor\\laravel\\framework\\src\\Illuminate\\Foundation\\Http\\Kernel.php(116): Illuminate\\Foundation\\Http\\Kernel->sendRequestThroughRouter(Object(Illuminate\\Http\\Request))
#32 C:\\xampp7.4\\htdocs\\mediusware_bulk1\\public\\index.php(55): Illuminate\\Foundation\\Http\\Kernel->handle(Object(Illuminate\\Http\\Request))
#33 C:\\xampp7.4\\htdocs\\mediusware_bulk1\\server.php(21): require_once('C:\\\\xampp7.4\\\\htd...')
#34 {main}
"} 
[2020-09-14 07:05:33] local.ERROR: preg_match(): Compilation failed: invalid range in character class at offset 20 {"exception":"[object] (ErrorException(code: 0): preg_match(): Compilation failed: invalid range in character class at offset 20 at C:\\xampp7.4\\htdocs\\mediusware_bulk1\\vendor\\laravel\\framework\\src\\Illuminate\\Routing\\Matching\\UriValidator.php:21)
[stacktrace]
#0 [internal function]: Illuminate\\Foundation\\Bootstrap\\HandleExceptions->handleError(2, 'preg_match(): C...', 'C:\\\\xampp7.4\\\\htd...', 21, Array)
#1 C:\\xampp7.4\\htdocs\\mediusware_bulk1\\vendor\\laravel\\framework\\src\\Illuminate\\Routing\\Matching\\UriValidator.php(21): preg_match('#^/(?P<path>(?:...', '/js/vue-select....')
#2 C:\\xampp7.4\\htdocs\\mediusware_bulk1\\vendor\\laravel\\framework\\src\\Illuminate\\Routing\\Route.php(275): Illuminate\\Routing\\Matching\\UriValidator->matches(Object(Illuminate\\Routing\\Route), Object(Illuminate\\Http\\Request))
#3 C:\\xampp7.4\\htdocs\\mediusware_bulk1\\vendor\\laravel\\framework\\src\\Illuminate\\Routing\\RouteCollection.php(197): Illuminate\\Routing\\Route->matches(Object(Illuminate\\Http\\Request), true)
#4 [internal function]: Illuminate\\Routing\\RouteCollection->Illuminate\\Routing\\{closure}(Object(Illuminate\\Routing\\Route), '{path}')
#5 C:\\xampp7.4\\htdocs\\mediusware_bulk1\\vendor\\laravel\\framework\\src\\Illuminate\\Support\\Arr.php(175): call_user_func(Object(Closure), Object(Illuminate\\Routing\\Route), '{path}')
#6 C:\\xampp7.4\\htdocs\\mediusware_bulk1\\vendor\\laravel\\framework\\src\\Illuminate\\Support\\Collection.php(815): Illuminate\\Support\\Arr::first(Array, Object(Closure), NULL)
#7 C:\\xampp7.4\\htdocs\\mediusware_bulk1\\vendor\\laravel\\framework\\src\\Illuminate\\Routing\\RouteCollection.php(198): Illuminate\\Support\\Collection->first(Object(Closure))
#8 C:\\xampp7.4\\htdocs\\mediusware_bulk1\\vendor\\laravel\\framework\\src\\Illuminate\\Routing\\RouteCollection.php(164): Illuminate\\Routing\\RouteCollection->matchAgainstRoutes(Object(Illuminate\\Support\\Collection), Object(Illuminate\\Http\\Request))
#9 C:\\xampp7.4\\htdocs\\mediusware_bulk1\\vendor\\laravel\\framework\\src\\Illuminate\\Routing\\Router.php(634): Illuminate\\Routing\\RouteCollection->match(Object(Illuminate\\Http\\Request))
#10 C:\\xampp7.4\\htdocs\\mediusware_bulk1\\vendor\\laravel\\framework\\src\\Illuminate\\Routing\\Router.php(623): Illuminate\\Routing\\Router->findRoute(Object(Illuminate\\Http\\Request))
#11 C:\\xampp7.4\\htdocs\\mediusware_bulk1\\vendor\\laravel\\framework\\src\\Illuminate\\Routing\\Router.php(612): Illuminate\\Routing\\Router->dispatchToRoute(Object(Illuminate\\Http\\Request))
#12 C:\\xampp7.4\\htdocs\\mediusware_bulk1\\vendor\\laravel\\framework\\src\\Illuminate\\Foundation\\Http\\Kernel.php(176): Illuminate\\Routing\\Router->dispatch(Object(Illuminate\\Http\\Request))
#13 C:\\xampp7.4\\htdocs\\mediusware_bulk1\\vendor\\laravel\\framework\\src\\Illuminate\\Routing\\Pipeline.php(30): Illuminate\\Foundation\\Http\\Kernel->Illuminate\\Foundation\\Http\\{closure}(Object(Illuminate\\Http\\Request))
#14 C:\\xampp7.4\\htdocs\\mediusware_bulk1\\vendor\\laravel\\framework\\src\\Illuminate\\Foundation\\Http\\Middleware\\TransformsRequest.php(21): Illuminate\\Routing\\Pipeline->Illuminate\\Routing\\{closure}(Object(Illuminate\\Http\\Request))
#15 C:\\xampp7.4\\htdocs\\mediusware_bulk1\\vendor\\laravel\\framework\\src\\Illuminate\\Pipeline\\Pipeline.php(163): Illuminate\\Foundation\\Http\\Middleware\\TransformsRequest->handle(Object(Illuminate\\Http\\Request), Object(Closure))
#16 C:\\xampp7.4\\htdocs\\mediusware_bulk1\\vendor\\laravel\\framework\\src\\Illuminate\\Routing\\Pipeline.php(53): Illuminate\\Pipeline\\Pipeline->Illuminate\\Pipeline\\{closure}(Object(Illuminate\\Http\\Request))
#17 C:\\xampp7.4\\htdocs\\mediusware_bulk1\\vendor\\laravel\\framework\\src\\Illuminate\\Foundation\\Http\\Middleware\\TransformsRequest.php(21): Illuminate\\Routing\\Pipeline->Illuminate\\Routing\\{closure}(Object(Illuminate\\Http\\Request))
#18 C:\\xampp7.4\\htdocs\\mediusware_bulk1\\vendor\\laravel\\framework\\src\\Illuminate\\Pipeline\\Pipeline.php(163): Illuminate\\Foundation\\Http\\Middleware\\TransformsRequest->handle(Object(Illuminate\\Http\\Request), Object(Closure))
#19 C:\\xampp7.4\\htdocs\\mediusware_bulk1\\vendor\\laravel\\framework\\src\\Illuminate\\Routing\\Pipeline.php(53): Illuminate\\Pipeline\\Pipeline->Illuminate\\Pipeline\\{closure}(Object(Illuminate\\Http\\Request))
#20 C:\\xampp7.4\\htdocs\\mediusware_bulk1\\vendor\\laravel\\framework\\src\\Illuminate\\Foundation\\Http\\Middleware\\ValidatePostSize.php(27): Illuminate\\Routing\\Pipeline->Illuminate\\Routing\\{closure}(Object(Illuminate\\Http\\Request))
#21 C:\\xampp7.4\\htdocs\\mediusware_bulk1\\vendor\\laravel\\framework\\src\\Illuminate\\Pipeline\\Pipeline.php(163): Illuminate\\Foundation\\Http\\Middleware\\ValidatePostSize->handle(Object(Illuminate\\Http\\Request), Object(Closure))
#22 C:\\xampp7.4\\htdocs\\mediusware_bulk1\\vendor\\laravel\\framework\\src\\Illuminate\\Routing\\Pipeline.php(53): Illuminate\\Pipeline\\Pipeline->Illuminate\\Pipeline\\{closure}(Object(Illuminate\\Http\\Request))
#23 C:\\xampp7.4\\htdocs\\mediusware_bulk1\\vendor\\laravel\\framework\\src\\Illuminate\\Foundation\\Http\\Middleware\\CheckForMaintenanceMode.php(62): Illuminate\\Routing\\Pipeline->Illuminate\\Routing\\{closure}(Object(Illuminate\\Http\\Request))
#24 C:\\xampp7.4\\htdocs\\mediusware_bulk1\\vendor\\laravel\\framework\\src\\Illuminate\\Pipeline\\Pipeline.php(163): Illuminate\\Foundation\\Http\\Middleware\\CheckForMaintenanceMode->handle(Object(Illuminate\\Http\\Request), Object(Closure))
#25 C:\\xampp7.4\\htdocs\\mediusware_bulk1\\vendor\\laravel\\framework\\src\\Illuminate\\Routing\\Pipeline.php(53): Illuminate\\Pipeline\\Pipeline->Illuminate\\Pipeline\\{closure}(Object(Illuminate\\Http\\Request))
#26 C:\\xampp7.4\\htdocs\\mediusware_bulk1\\vendor\\fideloper\\proxy\\src\\TrustProxies.php(57): Illuminate\\Routing\\Pipeline->Illuminate\\Routing\\{closure}(Object(Illuminate\\Http\\Request))
#27 C:\\xampp7.4\\htdocs\\mediusware_bulk1\\vendor\\laravel\\framework\\src\\Illuminate\\Pipeline\\Pipeline.php(163): Fideloper\\Proxy\\TrustProxies->handle(Object(Illuminate\\Http\\Request), Object(Closure))
#28 C:\\xampp7.4\\htdocs\\mediusware_bulk1\\vendor\\laravel\\framework\\src\\Illuminate\\Routing\\Pipeline.php(53): Illuminate\\Pipeline\\Pipeline->Illuminate\\Pipeline\\{closure}(Object(Illuminate\\Http\\Request))
#29 C:\\xampp7.4\\htdocs\\mediusware_bulk1\\vendor\\laravel\\framework\\src\\Illuminate\\Pipeline\\Pipeline.php(104): Illuminate\\Routing\\Pipeline->Illuminate\\Routing\\{closure}(Object(Illuminate\\Http\\Request))
#30 C:\\xampp7.4\\htdocs\\mediusware_bulk1\\vendor\\laravel\\framework\\src\\Illuminate\\Foundation\\Http\\Kernel.php(151): Illuminate\\Pipeline\\Pipeline->then(Object(Closure))
#31 C:\\xampp7.4\\htdocs\\mediusware_bulk1\\vendor\\laravel\\framework\\src\\Illuminate\\Foundation\\Http\\Kernel.php(116): Illuminate\\Foundation\\Http\\Kernel->sendRequestThroughRouter(Object(Illuminate\\Http\\Request))
#32 C:\\xampp7.4\\htdocs\\mediusware_bulk1\\public\\index.php(55): Illuminate\\Foundation\\Http\\Kernel->handle(Object(Illuminate\\Http\\Request))
#33 C:\\xampp7.4\\htdocs\\mediusware_bulk1\\server.php(21): require_once('C:\\\\xampp7.4\\\\htd...')
#34 {main}
"} 
[2020-09-14 07:07:33] local.ERROR: preg_match(): Compilation failed: invalid range in character class at offset 20 {"exception":"[object] (ErrorException(code: 0): preg_match(): Compilation failed: invalid range in character class at offset 20 at C:\\xampp7.4\\htdocs\\mediusware_bulk1\\vendor\\laravel\\framework\\src\\Illuminate\\Routing\\Matching\\UriValidator.php:21)
[stacktrace]
#0 [internal function]: Illuminate\\Foundation\\Bootstrap\\HandleExceptions->handleError(2, 'preg_match(): C...', 'C:\\\\xampp7.4\\\\htd...', 21, Array)
#1 C:\\xampp7.4\\htdocs\\mediusware_bulk1\\vendor\\laravel\\framework\\src\\Illuminate\\Routing\\Matching\\UriValidator.php(21): preg_match('#^/(?P<path>(?:...', '/js/vue-select....')
#2 C:\\xampp7.4\\htdocs\\mediusware_bulk1\\vendor\\laravel\\framework\\src\\Illuminate\\Routing\\Route.php(275): Illuminate\\Routing\\Matching\\UriValidator->matches(Object(Illuminate\\Routing\\Route), Object(Illuminate\\Http\\Request))
#3 C:\\xampp7.4\\htdocs\\mediusware_bulk1\\vendor\\laravel\\framework\\src\\Illuminate\\Routing\\RouteCollection.php(197): Illuminate\\Routing\\Route->matches(Object(Illuminate\\Http\\Request), true)
#4 [internal function]: Illuminate\\Routing\\RouteCollection->Illuminate\\Routing\\{closure}(Object(Illuminate\\Routing\\Route), '{path}')
#5 C:\\xampp7.4\\htdocs\\mediusware_bulk1\\vendor\\laravel\\framework\\src\\Illuminate\\Support\\Arr.php(175): call_user_func(Object(Closure), Object(Illuminate\\Routing\\Route), '{path}')
#6 C:\\xampp7.4\\htdocs\\mediusware_bulk1\\vendor\\laravel\\framework\\src\\Illuminate\\Support\\Collection.php(815): Illuminate\\Support\\Arr::first(Array, Object(Closure), NULL)
#7 C:\\xampp7.4\\htdocs\\mediusware_bulk1\\vendor\\laravel\\framework\\src\\Illuminate\\Routing\\RouteCollection.php(198): Illuminate\\Support\\Collection->first(Object(Closure))
#8 C:\\xampp7.4\\htdocs\\mediusware_bulk1\\vendor\\laravel\\framework\\src\\Illuminate\\Routing\\RouteCollection.php(164): Illuminate\\Routing\\RouteCollection->matchAgainstRoutes(Object(Illuminate\\Support\\Collection), Object(Illuminate\\Http\\Request))
#9 C:\\xampp7.4\\htdocs\\mediusware_bulk1\\vendor\\laravel\\framework\\src\\Illuminate\\Routing\\Router.php(634): Illuminate\\Routing\\RouteCollection->match(Object(Illuminate\\Http\\Request))
#10 C:\\xampp7.4\\htdocs\\mediusware_bulk1\\vendor\\laravel\\framework\\src\\Illuminate\\Routing\\Router.php(623): Illuminate\\Routing\\Router->findRoute(Object(Illuminate\\Http\\Request))
#11 C:\\xampp7.4\\htdocs\\mediusware_bulk1\\vendor\\laravel\\framework\\src\\Illuminate\\Routing\\Router.php(612): Illuminate\\Routing\\Router->dispatchToRoute(Object(Illuminate\\Http\\Request))
#12 C:\\xampp7.4\\htdocs\\mediusware_bulk1\\vendor\\laravel\\framework\\src\\Illuminate\\Foundation\\Http\\Kernel.php(176): Illuminate\\Routing\\Router->dispatch(Object(Illuminate\\Http\\Request))
#13 C:\\xampp7.4\\htdocs\\mediusware_bulk1\\vendor\\laravel\\framework\\src\\Illuminate\\Routing\\Pipeline.php(30): Illuminate\\Foundation\\Http\\Kernel->Illuminate\\Foundation\\Http\\{closure}(Object(Illuminate\\Http\\Request))
#14 C:\\xampp7.4\\htdocs\\mediusware_bulk1\\vendor\\laravel\\framework\\src\\Illuminate\\Foundation\\Http\\Middleware\\TransformsRequest.php(21): Illuminate\\Routing\\Pipeline->Illuminate\\Routing\\{closure}(Object(Illuminate\\Http\\Request))
#15 C:\\xampp7.4\\htdocs\\mediusware_bulk1\\vendor\\laravel\\framework\\src\\Illuminate\\Pipeline\\Pipeline.php(163): Illuminate\\Foundation\\Http\\Middleware\\TransformsRequest->handle(Object(Illuminate\\Http\\Request), Object(Closure))
#16 C:\\xampp7.4\\htdocs\\mediusware_bulk1\\vendor\\laravel\\framework\\src\\Illuminate\\Routing\\Pipeline.php(53): Illuminate\\Pipeline\\Pipeline->Illuminate\\Pipeline\\{closure}(Object(Illuminate\\Http\\Request))
#17 C:\\xampp7.4\\htdocs\\mediusware_bulk1\\vendor\\laravel\\framework\\src\\Illuminate\\Foundation\\Http\\Middleware\\TransformsRequest.php(21): Illuminate\\Routing\\Pipeline->Illuminate\\Routing\\{closure}(Object(Illuminate\\Http\\Request))
#18 C:\\xampp7.4\\htdocs\\mediusware_bulk1\\vendor\\laravel\\framework\\src\\Illuminate\\Pipeline\\Pipeline.php(163): Illuminate\\Foundation\\Http\\Middleware\\TransformsRequest->handle(Object(Illuminate\\Http\\Request), Object(Closure))
#19 C:\\xampp7.4\\htdocs\\mediusware_bulk1\\vendor\\laravel\\framework\\src\\Illuminate\\Routing\\Pipeline.php(53): Illuminate\\Pipeline\\Pipeline->Illuminate\\Pipeline\\{closure}(Object(Illuminate\\Http\\Request))
#20 C:\\xampp7.4\\htdocs\\mediusware_bulk1\\vendor\\laravel\\framework\\src\\Illuminate\\Foundation\\Http\\Middleware\\ValidatePostSize.php(27): Illuminate\\Routing\\Pipeline->Illuminate\\Routing\\{closure}(Object(Illuminate\\Http\\Request))
#21 C:\\xampp7.4\\htdocs\\mediusware_bulk1\\vendor\\laravel\\framework\\src\\Illuminate\\Pipeline\\Pipeline.php(163): Illuminate\\Foundation\\Http\\Middleware\\ValidatePostSize->handle(Object(Illuminate\\Http\\Request), Object(Closure))
#22 C:\\xampp7.4\\htdocs\\mediusware_bulk1\\vendor\\laravel\\framework\\src\\Illuminate\\Routing\\Pipeline.php(53): Illuminate\\Pipeline\\Pipeline->Illuminate\\Pipeline\\{closure}(Object(Illuminate\\Http\\Request))
#23 C:\\xampp7.4\\htdocs\\mediusware_bulk1\\vendor\\laravel\\framework\\src\\Illuminate\\Foundation\\Http\\Middleware\\CheckForMaintenanceMode.php(62): Illuminate\\Routing\\Pipeline->Illuminate\\Routing\\{closure}(Object(Illuminate\\Http\\Request))
#24 C:\\xampp7.4\\htdocs\\mediusware_bulk1\\vendor\\laravel\\framework\\src\\Illuminate\\Pipeline\\Pipeline.php(163): Illuminate\\Foundation\\Http\\Middleware\\CheckForMaintenanceMode->handle(Object(Illuminate\\Http\\Request), Object(Closure))
#25 C:\\xampp7.4\\htdocs\\mediusware_bulk1\\vendor\\laravel\\framework\\src\\Illuminate\\Routing\\Pipeline.php(53): Illuminate\\Pipeline\\Pipeline->Illuminate\\Pipeline\\{closure}(Object(Illuminate\\Http\\Request))
#26 C:\\xampp7.4\\htdocs\\mediusware_bulk1\\vendor\\fideloper\\proxy\\src\\TrustProxies.php(57): Illuminate\\Routing\\Pipeline->Illuminate\\Routing\\{closure}(Object(Illuminate\\Http\\Request))
#27 C:\\xampp7.4\\htdocs\\mediusware_bulk1\\vendor\\laravel\\framework\\src\\Illuminate\\Pipeline\\Pipeline.php(163): Fideloper\\Proxy\\TrustProxies->handle(Object(Illuminate\\Http\\Request), Object(Closure))
#28 C:\\xampp7.4\\htdocs\\mediusware_bulk1\\vendor\\laravel\\framework\\src\\Illuminate\\Routing\\Pipeline.php(53): Illuminate\\Pipeline\\Pipeline->Illuminate\\Pipeline\\{closure}(Object(Illuminate\\Http\\Request))
#29 C:\\xampp7.4\\htdocs\\mediusware_bulk1\\vendor\\laravel\\framework\\src\\Illuminate\\Pipeline\\Pipeline.php(104): Illuminate\\Routing\\Pipeline->Illuminate\\Routing\\{closure}(Object(Illuminate\\Http\\Request))
#30 C:\\xampp7.4\\htdocs\\mediusware_bulk1\\vendor\\laravel\\framework\\src\\Illuminate\\Foundation\\Http\\Kernel.php(151): Illuminate\\Pipeline\\Pipeline->then(Object(Closure))
#31 C:\\xampp7.4\\htdocs\\mediusware_bulk1\\vendor\\laravel\\framework\\src\\Illuminate\\Foundation\\Http\\Kernel.php(116): Illuminate\\Foundation\\Http\\Kernel->sendRequestThroughRouter(Object(Illuminate\\Http\\Request))
#32 C:\\xampp7.4\\htdocs\\mediusware_bulk1\\public\\index.php(55): Illuminate\\Foundation\\Http\\Kernel->handle(Object(Illuminate\\Http\\Request))
#33 C:\\xampp7.4\\htdocs\\mediusware_bulk1\\server.php(21): require_once('C:\\\\xampp7.4\\\\htd...')
#34 {main}
"} 
[2020-09-14 07:07:56] local.ERROR: preg_match(): Compilation failed: invalid range in character class at offset 20 {"exception":"[object] (ErrorException(code: 0): preg_match(): Compilation failed: invalid range in character class at offset 20 at C:\\xampp7.4\\htdocs\\mediusware_bulk1\\vendor\\laravel\\framework\\src\\Illuminate\\Routing\\Matching\\UriValidator.php:21)
[stacktrace]
#0 [internal function]: Illuminate\\Foundation\\Bootstrap\\HandleExceptions->handleError(2, 'preg_match(): C...', 'C:\\\\xampp7.4\\\\htd...', 21, Array)
#1 C:\\xampp7.4\\htdocs\\mediusware_bulk1\\vendor\\laravel\\framework\\src\\Illuminate\\Routing\\Matching\\UriValidator.php(21): preg_match('#^/(?P<path>(?:...', '/js/vue-select....')
#2 C:\\xampp7.4\\htdocs\\mediusware_bulk1\\vendor\\laravel\\framework\\src\\Illuminate\\Routing\\Route.php(275): Illuminate\\Routing\\Matching\\UriValidator->matches(Object(Illuminate\\Routing\\Route), Object(Illuminate\\Http\\Request))
#3 C:\\xampp7.4\\htdocs\\mediusware_bulk1\\vendor\\laravel\\framework\\src\\Illuminate\\Routing\\RouteCollection.php(197): Illuminate\\Routing\\Route->matches(Object(Illuminate\\Http\\Request), true)
#4 [internal function]: Illuminate\\Routing\\RouteCollection->Illuminate\\Routing\\{closure}(Object(Illuminate\\Routing\\Route), '{path}')
#5 C:\\xampp7.4\\htdocs\\mediusware_bulk1\\vendor\\laravel\\framework\\src\\Illuminate\\Support\\Arr.php(175): call_user_func(Object(Closure), Object(Illuminate\\Routing\\Route), '{path}')
#6 C:\\xampp7.4\\htdocs\\mediusware_bulk1\\vendor\\laravel\\framework\\src\\Illuminate\\Support\\Collection.php(815): Illuminate\\Support\\Arr::first(Array, Object(Closure), NULL)
#7 C:\\xampp7.4\\htdocs\\mediusware_bulk1\\vendor\\laravel\\framework\\src\\Illuminate\\Routing\\RouteCollection.php(198): Illuminate\\Support\\Collection->first(Object(Closure))
#8 C:\\xampp7.4\\htdocs\\mediusware_bulk1\\vendor\\laravel\\framework\\src\\Illuminate\\Routing\\RouteCollection.php(164): Illuminate\\Routing\\RouteCollection->matchAgainstRoutes(Object(Illuminate\\Support\\Collection), Object(Illuminate\\Http\\Request))
#9 C:\\xampp7.4\\htdocs\\mediusware_bulk1\\vendor\\laravel\\framework\\src\\Illuminate\\Routing\\Router.php(634): Illuminate\\Routing\\RouteCollection->match(Object(Illuminate\\Http\\Request))
#10 C:\\xampp7.4\\htdocs\\mediusware_bulk1\\vendor\\laravel\\framework\\src\\Illuminate\\Routing\\Router.php(623): Illuminate\\Routing\\Router->findRoute(Object(Illuminate\\Http\\Request))
#11 C:\\xampp7.4\\htdocs\\mediusware_bulk1\\vendor\\laravel\\framework\\src\\Illuminate\\Routing\\Router.php(612): Illuminate\\Routing\\Router->dispatchToRoute(Object(Illuminate\\Http\\Request))
#12 C:\\xampp7.4\\htdocs\\mediusware_bulk1\\vendor\\laravel\\framework\\src\\Illuminate\\Foundation\\Http\\Kernel.php(176): Illuminate\\Routing\\Router->dispatch(Object(Illuminate\\Http\\Request))
#13 C:\\xampp7.4\\htdocs\\mediusware_bulk1\\vendor\\laravel\\framework\\src\\Illuminate\\Routing\\Pipeline.php(30): Illuminate\\Foundation\\Http\\Kernel->Illuminate\\Foundation\\Http\\{closure}(Object(Illuminate\\Http\\Request))
#14 C:\\xampp7.4\\htdocs\\mediusware_bulk1\\vendor\\laravel\\framework\\src\\Illuminate\\Foundation\\Http\\Middleware\\TransformsRequest.php(21): Illuminate\\Routing\\Pipeline->Illuminate\\Routing\\{closure}(Object(Illuminate\\Http\\Request))
#15 C:\\xampp7.4\\htdocs\\mediusware_bulk1\\vendor\\laravel\\framework\\src\\Illuminate\\Pipeline\\Pipeline.php(163): Illuminate\\Foundation\\Http\\Middleware\\TransformsRequest->handle(Object(Illuminate\\Http\\Request), Object(Closure))
#16 C:\\xampp7.4\\htdocs\\mediusware_bulk1\\vendor\\laravel\\framework\\src\\Illuminate\\Routing\\Pipeline.php(53): Illuminate\\Pipeline\\Pipeline->Illuminate\\Pipeline\\{closure}(Object(Illuminate\\Http\\Request))
#17 C:\\xampp7.4\\htdocs\\mediusware_bulk1\\vendor\\laravel\\framework\\src\\Illuminate\\Foundation\\Http\\Middleware\\TransformsRequest.php(21): Illuminate\\Routing\\Pipeline->Illuminate\\Routing\\{closure}(Object(Illuminate\\Http\\Request))
#18 C:\\xampp7.4\\htdocs\\mediusware_bulk1\\vendor\\laravel\\framework\\src\\Illuminate\\Pipeline\\Pipeline.php(163): Illuminate\\Foundation\\Http\\Middleware\\TransformsRequest->handle(Object(Illuminate\\Http\\Request), Object(Closure))
#19 C:\\xampp7.4\\htdocs\\mediusware_bulk1\\vendor\\laravel\\framework\\src\\Illuminate\\Routing\\Pipeline.php(53): Illuminate\\Pipeline\\Pipeline->Illuminate\\Pipeline\\{closure}(Object(Illuminate\\Http\\Request))
#20 C:\\xampp7.4\\htdocs\\mediusware_bulk1\\vendor\\laravel\\framework\\src\\Illuminate\\Foundation\\Http\\Middleware\\ValidatePostSize.php(27): Illuminate\\Routing\\Pipeline->Illuminate\\Routing\\{closure}(Object(Illuminate\\Http\\Request))
#21 C:\\xampp7.4\\htdocs\\mediusware_bulk1\\vendor\\laravel\\framework\\src\\Illuminate\\Pipeline\\Pipeline.php(163): Illuminate\\Foundation\\Http\\Middleware\\ValidatePostSize->handle(Object(Illuminate\\Http\\Request), Object(Closure))
#22 C:\\xampp7.4\\htdocs\\mediusware_bulk1\\vendor\\laravel\\framework\\src\\Illuminate\\Routing\\Pipeline.php(53): Illuminate\\Pipeline\\Pipeline->Illuminate\\Pipeline\\{closure}(Object(Illuminate\\Http\\Request))
#23 C:\\xampp7.4\\htdocs\\mediusware_bulk1\\vendor\\laravel\\framework\\src\\Illuminate\\Foundation\\Http\\Middleware\\CheckForMaintenanceMode.php(62): Illuminate\\Routing\\Pipeline->Illuminate\\Routing\\{closure}(Object(Illuminate\\Http\\Request))
#24 C:\\xampp7.4\\htdocs\\mediusware_bulk1\\vendor\\laravel\\framework\\src\\Illuminate\\Pipeline\\Pipeline.php(163): Illuminate\\Foundation\\Http\\Middleware\\CheckForMaintenanceMode->handle(Object(Illuminate\\Http\\Request), Object(Closure))
#25 C:\\xampp7.4\\htdocs\\mediusware_bulk1\\vendor\\laravel\\framework\\src\\Illuminate\\Routing\\Pipeline.php(53): Illuminate\\Pipeline\\Pipeline->Illuminate\\Pipeline\\{closure}(Object(Illuminate\\Http\\Request))
#26 C:\\xampp7.4\\htdocs\\mediusware_bulk1\\vendor\\fideloper\\proxy\\src\\TrustProxies.php(57): Illuminate\\Routing\\Pipeline->Illuminate\\Routing\\{closure}(Object(Illuminate\\Http\\Request))
#27 C:\\xampp7.4\\htdocs\\mediusware_bulk1\\vendor\\laravel\\framework\\src\\Illuminate\\Pipeline\\Pipeline.php(163): Fideloper\\Proxy\\TrustProxies->handle(Object(Illuminate\\Http\\Request), Object(Closure))
#28 C:\\xampp7.4\\htdocs\\mediusware_bulk1\\vendor\\laravel\\framework\\src\\Illuminate\\Routing\\Pipeline.php(53): Illuminate\\Pipeline\\Pipeline->Illuminate\\Pipeline\\{closure}(Object(Illuminate\\Http\\Request))
#29 C:\\xampp7.4\\htdocs\\mediusware_bulk1\\vendor\\laravel\\framework\\src\\Illuminate\\Pipeline\\Pipeline.php(104): Illuminate\\Routing\\Pipeline->Illuminate\\Routing\\{closure}(Object(Illuminate\\Http\\Request))
#30 C:\\xampp7.4\\htdocs\\mediusware_bulk1\\vendor\\laravel\\framework\\src\\Illuminate\\Foundation\\Http\\Kernel.php(151): Illuminate\\Pipeline\\Pipeline->then(Object(Closure))
#31 C:\\xampp7.4\\htdocs\\mediusware_bulk1\\vendor\\laravel\\framework\\src\\Illuminate\\Foundation\\Http\\Kernel.php(116): Illuminate\\Foundation\\Http\\Kernel->sendRequestThroughRouter(Object(Illuminate\\Http\\Request))
#32 C:\\xampp7.4\\htdocs\\mediusware_bulk1\\public\\index.php(55): Illuminate\\Foundation\\Http\\Kernel->handle(Object(Illuminate\\Http\\Request))
#33 C:\\xampp7.4\\htdocs\\mediusware_bulk1\\server.php(21): require_once('C:\\\\xampp7.4\\\\htd...')
#34 {main}
"} 
[2020-09-14 07:10:10] local.ERROR: preg_match(): Compilation failed: invalid range in character class at offset 20 {"exception":"[object] (ErrorException(code: 0): preg_match(): Compilation failed: invalid range in character class at offset 20 at C:\\xampp7.4\\htdocs\\mediusware_bulk1\\vendor\\laravel\\framework\\src\\Illuminate\\Routing\\Matching\\UriValidator.php:21)
[stacktrace]
#0 [internal function]: Illuminate\\Foundation\\Bootstrap\\HandleExceptions->handleError(2, 'preg_match(): C...', 'C:\\\\xampp7.4\\\\htd...', 21, Array)
#1 C:\\xampp7.4\\htdocs\\mediusware_bulk1\\vendor\\laravel\\framework\\src\\Illuminate\\Routing\\Matching\\UriValidator.php(21): preg_match('#^/(?P<path>(?:...', '/post/8search=&...')
#2 C:\\xampp7.4\\htdocs\\mediusware_bulk1\\vendor\\laravel\\framework\\src\\Illuminate\\Routing\\Route.php(275): Illuminate\\Routing\\Matching\\UriValidator->matches(Object(Illuminate\\Routing\\Route), Object(Illuminate\\Http\\Request))
#3 C:\\xampp7.4\\htdocs\\mediusware_bulk1\\vendor\\laravel\\framework\\src\\Illuminate\\Routing\\RouteCollection.php(197): Illuminate\\Routing\\Route->matches(Object(Illuminate\\Http\\Request), true)
#4 [internal function]: Illuminate\\Routing\\RouteCollection->Illuminate\\Routing\\{closure}(Object(Illuminate\\Routing\\Route), '{path}')
#5 C:\\xampp7.4\\htdocs\\mediusware_bulk1\\vendor\\laravel\\framework\\src\\Illuminate\\Support\\Arr.php(175): call_user_func(Object(Closure), Object(Illuminate\\Routing\\Route), '{path}')
#6 C:\\xampp7.4\\htdocs\\mediusware_bulk1\\vendor\\laravel\\framework\\src\\Illuminate\\Support\\Collection.php(815): Illuminate\\Support\\Arr::first(Array, Object(Closure), NULL)
#7 C:\\xampp7.4\\htdocs\\mediusware_bulk1\\vendor\\laravel\\framework\\src\\Illuminate\\Routing\\RouteCollection.php(198): Illuminate\\Support\\Collection->first(Object(Closure))
#8 C:\\xampp7.4\\htdocs\\mediusware_bulk1\\vendor\\laravel\\framework\\src\\Illuminate\\Routing\\RouteCollection.php(164): Illuminate\\Routing\\RouteCollection->matchAgainstRoutes(Object(Illuminate\\Support\\Collection), Object(Illuminate\\Http\\Request))
#9 C:\\xampp7.4\\htdocs\\mediusware_bulk1\\vendor\\laravel\\framework\\src\\Illuminate\\Routing\\Router.php(634): Illuminate\\Routing\\RouteCollection->match(Object(Illuminate\\Http\\Request))
#10 C:\\xampp7.4\\htdocs\\mediusware_bulk1\\vendor\\laravel\\framework\\src\\Illuminate\\Routing\\Router.php(623): Illuminate\\Routing\\Router->findRoute(Object(Illuminate\\Http\\Request))
#11 C:\\xampp7.4\\htdocs\\mediusware_bulk1\\vendor\\laravel\\framework\\src\\Illuminate\\Routing\\Router.php(612): Illuminate\\Routing\\Router->dispatchToRoute(Object(Illuminate\\Http\\Request))
#12 C:\\xampp7.4\\htdocs\\mediusware_bulk1\\vendor\\laravel\\framework\\src\\Illuminate\\Foundation\\Http\\Kernel.php(176): Illuminate\\Routing\\Router->dispatch(Object(Illuminate\\Http\\Request))
#13 C:\\xampp7.4\\htdocs\\mediusware_bulk1\\vendor\\laravel\\framework\\src\\Illuminate\\Routing\\Pipeline.php(30): Illuminate\\Foundation\\Http\\Kernel->Illuminate\\Foundation\\Http\\{closure}(Object(Illuminate\\Http\\Request))
#14 C:\\xampp7.4\\htdocs\\mediusware_bulk1\\vendor\\laravel\\framework\\src\\Illuminate\\Foundation\\Http\\Middleware\\TransformsRequest.php(21): Illuminate\\Routing\\Pipeline->Illuminate\\Routing\\{closure}(Object(Illuminate\\Http\\Request))
#15 C:\\xampp7.4\\htdocs\\mediusware_bulk1\\vendor\\laravel\\framework\\src\\Illuminate\\Pipeline\\Pipeline.php(163): Illuminate\\Foundation\\Http\\Middleware\\TransformsRequest->handle(Object(Illuminate\\Http\\Request), Object(Closure))
#16 C:\\xampp7.4\\htdocs\\mediusware_bulk1\\vendor\\laravel\\framework\\src\\Illuminate\\Routing\\Pipeline.php(53): Illuminate\\Pipeline\\Pipeline->Illuminate\\Pipeline\\{closure}(Object(Illuminate\\Http\\Request))
#17 C:\\xampp7.4\\htdocs\\mediusware_bulk1\\vendor\\laravel\\framework\\src\\Illuminate\\Foundation\\Http\\Middleware\\TransformsRequest.php(21): Illuminate\\Routing\\Pipeline->Illuminate\\Routing\\{closure}(Object(Illuminate\\Http\\Request))
#18 C:\\xampp7.4\\htdocs\\mediusware_bulk1\\vendor\\laravel\\framework\\src\\Illuminate\\Pipeline\\Pipeline.php(163): Illuminate\\Foundation\\Http\\Middleware\\TransformsRequest->handle(Object(Illuminate\\Http\\Request), Object(Closure))
#19 C:\\xampp7.4\\htdocs\\mediusware_bulk1\\vendor\\laravel\\framework\\src\\Illuminate\\Routing\\Pipeline.php(53): Illuminate\\Pipeline\\Pipeline->Illuminate\\Pipeline\\{closure}(Object(Illuminate\\Http\\Request))
#20 C:\\xampp7.4\\htdocs\\mediusware_bulk1\\vendor\\laravel\\framework\\src\\Illuminate\\Foundation\\Http\\Middleware\\ValidatePostSize.php(27): Illuminate\\Routing\\Pipeline->Illuminate\\Routing\\{closure}(Object(Illuminate\\Http\\Request))
#21 C:\\xampp7.4\\htdocs\\mediusware_bulk1\\vendor\\laravel\\framework\\src\\Illuminate\\Pipeline\\Pipeline.php(163): Illuminate\\Foundation\\Http\\Middleware\\ValidatePostSize->handle(Object(Illuminate\\Http\\Request), Object(Closure))
#22 C:\\xampp7.4\\htdocs\\mediusware_bulk1\\vendor\\laravel\\framework\\src\\Illuminate\\Routing\\Pipeline.php(53): Illuminate\\Pipeline\\Pipeline->Illuminate\\Pipeline\\{closure}(Object(Illuminate\\Http\\Request))
#23 C:\\xampp7.4\\htdocs\\mediusware_bulk1\\vendor\\laravel\\framework\\src\\Illuminate\\Foundation\\Http\\Middleware\\CheckForMaintenanceMode.php(62): Illuminate\\Routing\\Pipeline->Illuminate\\Routing\\{closure}(Object(Illuminate\\Http\\Request))
#24 C:\\xampp7.4\\htdocs\\mediusware_bulk1\\vendor\\laravel\\framework\\src\\Illuminate\\Pipeline\\Pipeline.php(163): Illuminate\\Foundation\\Http\\Middleware\\CheckForMaintenanceMode->handle(Object(Illuminate\\Http\\Request), Object(Closure))
#25 C:\\xampp7.4\\htdocs\\mediusware_bulk1\\vendor\\laravel\\framework\\src\\Illuminate\\Routing\\Pipeline.php(53): Illuminate\\Pipeline\\Pipeline->Illuminate\\Pipeline\\{closure}(Object(Illuminate\\Http\\Request))
#26 C:\\xampp7.4\\htdocs\\mediusware_bulk1\\vendor\\fideloper\\proxy\\src\\TrustProxies.php(57): Illuminate\\Routing\\Pipeline->Illuminate\\Routing\\{closure}(Object(Illuminate\\Http\\Request))
#27 C:\\xampp7.4\\htdocs\\mediusware_bulk1\\vendor\\laravel\\framework\\src\\Illuminate\\Pipeline\\Pipeline.php(163): Fideloper\\Proxy\\TrustProxies->handle(Object(Illuminate\\Http\\Request), Object(Closure))
#28 C:\\xampp7.4\\htdocs\\mediusware_bulk1\\vendor\\laravel\\framework\\src\\Illuminate\\Routing\\Pipeline.php(53): Illuminate\\Pipeline\\Pipeline->Illuminate\\Pipeline\\{closure}(Object(Illuminate\\Http\\Request))
#29 C:\\xampp7.4\\htdocs\\mediusware_bulk1\\vendor\\laravel\\framework\\src\\Illuminate\\Pipeline\\Pipeline.php(104): Illuminate\\Routing\\Pipeline->Illuminate\\Routing\\{closure}(Object(Illuminate\\Http\\Request))
#30 C:\\xampp7.4\\htdocs\\mediusware_bulk1\\vendor\\laravel\\framework\\src\\Illuminate\\Foundation\\Http\\Kernel.php(151): Illuminate\\Pipeline\\Pipeline->then(Object(Closure))
#31 C:\\xampp7.4\\htdocs\\mediusware_bulk1\\vendor\\laravel\\framework\\src\\Illuminate\\Foundation\\Http\\Kernel.php(116): Illuminate\\Foundation\\Http\\Kernel->sendRequestThroughRouter(Object(Illuminate\\Http\\Request))
#32 C:\\xampp7.4\\htdocs\\mediusware_bulk1\\public\\index.php(55): Illuminate\\Foundation\\Http\\Kernel->handle(Object(Illuminate\\Http\\Request))
#33 C:\\xampp7.4\\htdocs\\mediusware_bulk1\\server.php(21): require_once('C:\\\\xampp7.4\\\\htd...')
#34 {main}
"} 
[2020-09-14 07:14:32] local.ERROR: preg_match(): Compilation failed: invalid range in character class at offset 20 {"exception":"[object] (ErrorException(code: 0): preg_match(): Compilation failed: invalid range in character class at offset 20 at C:\\xampp7.4\\htdocs\\mediusware_bulk1\\vendor\\laravel\\framework\\src\\Illuminate\\Routing\\Matching\\UriValidator.php:21)
[stacktrace]
#0 [internal function]: Illuminate\\Foundation\\Bootstrap\\HandleExceptions->handleError(2, 'preg_match(): C...', 'C:\\\\xampp7.4\\\\htd...', 21, Array)
#1 C:\\xampp7.4\\htdocs\\mediusware_bulk1\\vendor\\laravel\\framework\\src\\Illuminate\\Routing\\Matching\\UriValidator.php(21): preg_match('#^/(?P<path>(?:...', '/post/search=&d...')
#2 C:\\xampp7.4\\htdocs\\mediusware_bulk1\\vendor\\laravel\\framework\\src\\Illuminate\\Routing\\Route.php(275): Illuminate\\Routing\\Matching\\UriValidator->matches(Object(Illuminate\\Routing\\Route), Object(Illuminate\\Http\\Request))
#3 C:\\xampp7.4\\htdocs\\mediusware_bulk1\\vendor\\laravel\\framework\\src\\Illuminate\\Routing\\RouteCollection.php(197): Illuminate\\Routing\\Route->matches(Object(Illuminate\\Http\\Request), true)
#4 [internal function]: Illuminate\\Routing\\RouteCollection->Illuminate\\Routing\\{closure}(Object(Illuminate\\Routing\\Route), '{path}')
#5 C:\\xampp7.4\\htdocs\\mediusware_bulk1\\vendor\\laravel\\framework\\src\\Illuminate\\Support\\Arr.php(175): call_user_func(Object(Closure), Object(Illuminate\\Routing\\Route), '{path}')
#6 C:\\xampp7.4\\htdocs\\mediusware_bulk1\\vendor\\laravel\\framework\\src\\Illuminate\\Support\\Collection.php(815): Illuminate\\Support\\Arr::first(Array, Object(Closure), NULL)
#7 C:\\xampp7.4\\htdocs\\mediusware_bulk1\\vendor\\laravel\\framework\\src\\Illuminate\\Routing\\RouteCollection.php(198): Illuminate\\Support\\Collection->first(Object(Closure))
#8 C:\\xampp7.4\\htdocs\\mediusware_bulk1\\vendor\\laravel\\framework\\src\\Illuminate\\Routing\\RouteCollection.php(164): Illuminate\\Routing\\RouteCollection->matchAgainstRoutes(Object(Illuminate\\Support\\Collection), Object(Illuminate\\Http\\Request))
#9 C:\\xampp7.4\\htdocs\\mediusware_bulk1\\vendor\\laravel\\framework\\src\\Illuminate\\Routing\\Router.php(634): Illuminate\\Routing\\RouteCollection->match(Object(Illuminate\\Http\\Request))
#10 C:\\xampp7.4\\htdocs\\mediusware_bulk1\\vendor\\laravel\\framework\\src\\Illuminate\\Routing\\Router.php(623): Illuminate\\Routing\\Router->findRoute(Object(Illuminate\\Http\\Request))
#11 C:\\xampp7.4\\htdocs\\mediusware_bulk1\\vendor\\laravel\\framework\\src\\Illuminate\\Routing\\Router.php(612): Illuminate\\Routing\\Router->dispatchToRoute(Object(Illuminate\\Http\\Request))
#12 C:\\xampp7.4\\htdocs\\mediusware_bulk1\\vendor\\laravel\\framework\\src\\Illuminate\\Foundation\\Http\\Kernel.php(176): Illuminate\\Routing\\Router->dispatch(Object(Illuminate\\Http\\Request))
#13 C:\\xampp7.4\\htdocs\\mediusware_bulk1\\vendor\\laravel\\framework\\src\\Illuminate\\Routing\\Pipeline.php(30): Illuminate\\Foundation\\Http\\Kernel->Illuminate\\Foundation\\Http\\{closure}(Object(Illuminate\\Http\\Request))
#14 C:\\xampp7.4\\htdocs\\mediusware_bulk1\\vendor\\laravel\\framework\\src\\Illuminate\\Foundation\\Http\\Middleware\\TransformsRequest.php(21): Illuminate\\Routing\\Pipeline->Illuminate\\Routing\\{closure}(Object(Illuminate\\Http\\Request))
#15 C:\\xampp7.4\\htdocs\\mediusware_bulk1\\vendor\\laravel\\framework\\src\\Illuminate\\Pipeline\\Pipeline.php(163): Illuminate\\Foundation\\Http\\Middleware\\TransformsRequest->handle(Object(Illuminate\\Http\\Request), Object(Closure))
#16 C:\\xampp7.4\\htdocs\\mediusware_bulk1\\vendor\\laravel\\framework\\src\\Illuminate\\Routing\\Pipeline.php(53): Illuminate\\Pipeline\\Pipeline->Illuminate\\Pipeline\\{closure}(Object(Illuminate\\Http\\Request))
#17 C:\\xampp7.4\\htdocs\\mediusware_bulk1\\vendor\\laravel\\framework\\src\\Illuminate\\Foundation\\Http\\Middleware\\TransformsRequest.php(21): Illuminate\\Routing\\Pipeline->Illuminate\\Routing\\{closure}(Object(Illuminate\\Http\\Request))
#18 C:\\xampp7.4\\htdocs\\mediusware_bulk1\\vendor\\laravel\\framework\\src\\Illuminate\\Pipeline\\Pipeline.php(163): Illuminate\\Foundation\\Http\\Middleware\\TransformsRequest->handle(Object(Illuminate\\Http\\Request), Object(Closure))
#19 C:\\xampp7.4\\htdocs\\mediusware_bulk1\\vendor\\laravel\\framework\\src\\Illuminate\\Routing\\Pipeline.php(53): Illuminate\\Pipeline\\Pipeline->Illuminate\\Pipeline\\{closure}(Object(Illuminate\\Http\\Request))
#20 C:\\xampp7.4\\htdocs\\mediusware_bulk1\\vendor\\laravel\\framework\\src\\Illuminate\\Foundation\\Http\\Middleware\\ValidatePostSize.php(27): Illuminate\\Routing\\Pipeline->Illuminate\\Routing\\{closure}(Object(Illuminate\\Http\\Request))
#21 C:\\xampp7.4\\htdocs\\mediusware_bulk1\\vendor\\laravel\\framework\\src\\Illuminate\\Pipeline\\Pipeline.php(163): Illuminate\\Foundation\\Http\\Middleware\\ValidatePostSize->handle(Object(Illuminate\\Http\\Request), Object(Closure))
#22 C:\\xampp7.4\\htdocs\\mediusware_bulk1\\vendor\\laravel\\framework\\src\\Illuminate\\Routing\\Pipeline.php(53): Illuminate\\Pipeline\\Pipeline->Illuminate\\Pipeline\\{closure}(Object(Illuminate\\Http\\Request))
#23 C:\\xampp7.4\\htdocs\\mediusware_bulk1\\vendor\\laravel\\framework\\src\\Illuminate\\Foundation\\Http\\Middleware\\CheckForMaintenanceMode.php(62): Illuminate\\Routing\\Pipeline->Illuminate\\Routing\\{closure}(Object(Illuminate\\Http\\Request))
#24 C:\\xampp7.4\\htdocs\\mediusware_bulk1\\vendor\\laravel\\framework\\src\\Illuminate\\Pipeline\\Pipeline.php(163): Illuminate\\Foundation\\Http\\Middleware\\CheckForMaintenanceMode->handle(Object(Illuminate\\Http\\Request), Object(Closure))
#25 C:\\xampp7.4\\htdocs\\mediusware_bulk1\\vendor\\laravel\\framework\\src\\Illuminate\\Routing\\Pipeline.php(53): Illuminate\\Pipeline\\Pipeline->Illuminate\\Pipeline\\{closure}(Object(Illuminate\\Http\\Request))
#26 C:\\xampp7.4\\htdocs\\mediusware_bulk1\\vendor\\fideloper\\proxy\\src\\TrustProxies.php(57): Illuminate\\Routing\\Pipeline->Illuminate\\Routing\\{closure}(Object(Illuminate\\Http\\Request))
#27 C:\\xampp7.4\\htdocs\\mediusware_bulk1\\vendor\\laravel\\framework\\src\\Illuminate\\Pipeline\\Pipeline.php(163): Fideloper\\Proxy\\TrustProxies->handle(Object(Illuminate\\Http\\Request), Object(Closure))
#28 C:\\xampp7.4\\htdocs\\mediusware_bulk1\\vendor\\laravel\\framework\\src\\Illuminate\\Routing\\Pipeline.php(53): Illuminate\\Pipeline\\Pipeline->Illuminate\\Pipeline\\{closure}(Object(Illuminate\\Http\\Request))
#29 C:\\xampp7.4\\htdocs\\mediusware_bulk1\\vendor\\laravel\\framework\\src\\Illuminate\\Pipeline\\Pipeline.php(104): Illuminate\\Routing\\Pipeline->Illuminate\\Routing\\{closure}(Object(Illuminate\\Http\\Request))
#30 C:\\xampp7.4\\htdocs\\mediusware_bulk1\\vendor\\laravel\\framework\\src\\Illuminate\\Foundation\\Http\\Kernel.php(151): Illuminate\\Pipeline\\Pipeline->then(Object(Closure))
#31 C:\\xampp7.4\\htdocs\\mediusware_bulk1\\vendor\\laravel\\framework\\src\\Illuminate\\Foundation\\Http\\Kernel.php(116): Illuminate\\Foundation\\Http\\Kernel->sendRequestThroughRouter(Object(Illuminate\\Http\\Request))
#32 C:\\xampp7.4\\htdocs\\mediusware_bulk1\\public\\index.php(55): Illuminate\\Foundation\\Http\\Kernel->handle(Object(Illuminate\\Http\\Request))
#33 C:\\xampp7.4\\htdocs\\mediusware_bulk1\\server.php(21): require_once('C:\\\\xampp7.4\\\\htd...')
#34 {main}
"} 
[2020-09-14 07:19:57] local.ERROR: preg_match(): Compilation failed: invalid range in character class at offset 20 {"exception":"[object] (ErrorException(code: 0): preg_match(): Compilation failed: invalid range in character class at offset 20 at C:\\xampp7.4\\htdocs\\mediusware_bulk1\\vendor\\laravel\\framework\\src\\Illuminate\\Routing\\Matching\\UriValidator.php:21)
[stacktrace]
#0 [internal function]: Illuminate\\Foundation\\Bootstrap\\HandleExceptions->handleError(2, 'preg_match(): C...', 'C:\\\\xampp7.4\\\\htd...', 21, Array)
#1 C:\\xampp7.4\\htdocs\\mediusware_bulk1\\vendor\\laravel\\framework\\src\\Illuminate\\Routing\\Matching\\UriValidator.php(21): preg_match('#^/(?P<path>(?:...', '/post/search=Wh...')
#2 C:\\xampp7.4\\htdocs\\mediusware_bulk1\\vendor\\laravel\\framework\\src\\Illuminate\\Routing\\Route.php(275): Illuminate\\Routing\\Matching\\UriValidator->matches(Object(Illuminate\\Routing\\Route), Object(Illuminate\\Http\\Request))
#3 C:\\xampp7.4\\htdocs\\mediusware_bulk1\\vendor\\laravel\\framework\\src\\Illuminate\\Routing\\RouteCollection.php(197): Illuminate\\Routing\\Route->matches(Object(Illuminate\\Http\\Request), true)
#4 [internal function]: Illuminate\\Routing\\RouteCollection->Illuminate\\Routing\\{closure}(Object(Illuminate\\Routing\\Route), '{path}')
#5 C:\\xampp7.4\\htdocs\\mediusware_bulk1\\vendor\\laravel\\framework\\src\\Illuminate\\Support\\Arr.php(175): call_user_func(Object(Closure), Object(Illuminate\\Routing\\Route), '{path}')
#6 C:\\xampp7.4\\htdocs\\mediusware_bulk1\\vendor\\laravel\\framework\\src\\Illuminate\\Support\\Collection.php(815): Illuminate\\Support\\Arr::first(Array, Object(Closure), NULL)
#7 C:\\xampp7.4\\htdocs\\mediusware_bulk1\\vendor\\laravel\\framework\\src\\Illuminate\\Routing\\RouteCollection.php(198): Illuminate\\Support\\Collection->first(Object(Closure))
#8 C:\\xampp7.4\\htdocs\\mediusware_bulk1\\vendor\\laravel\\framework\\src\\Illuminate\\Routing\\RouteCollection.php(164): Illuminate\\Routing\\RouteCollection->matchAgainstRoutes(Object(Illuminate\\Support\\Collection), Object(Illuminate\\Http\\Request))
#9 C:\\xampp7.4\\htdocs\\mediusware_bulk1\\vendor\\laravel\\framework\\src\\Illuminate\\Routing\\Router.php(634): Illuminate\\Routing\\RouteCollection->match(Object(Illuminate\\Http\\Request))
#10 C:\\xampp7.4\\htdocs\\mediusware_bulk1\\vendor\\laravel\\framework\\src\\Illuminate\\Routing\\Router.php(623): Illuminate\\Routing\\Router->findRoute(Object(Illuminate\\Http\\Request))
#11 C:\\xampp7.4\\htdocs\\mediusware_bulk1\\vendor\\laravel\\framework\\src\\Illuminate\\Routing\\Router.php(612): Illuminate\\Routing\\Router->dispatchToRoute(Object(Illuminate\\Http\\Request))
#12 C:\\xampp7.4\\htdocs\\mediusware_bulk1\\vendor\\laravel\\framework\\src\\Illuminate\\Foundation\\Http\\Kernel.php(176): Illuminate\\Routing\\Router->dispatch(Object(Illuminate\\Http\\Request))
#13 C:\\xampp7.4\\htdocs\\mediusware_bulk1\\vendor\\laravel\\framework\\src\\Illuminate\\Routing\\Pipeline.php(30): Illuminate\\Foundation\\Http\\Kernel->Illuminate\\Foundation\\Http\\{closure}(Object(Illuminate\\Http\\Request))
#14 C:\\xampp7.4\\htdocs\\mediusware_bulk1\\vendor\\laravel\\framework\\src\\Illuminate\\Foundation\\Http\\Middleware\\TransformsRequest.php(21): Illuminate\\Routing\\Pipeline->Illuminate\\Routing\\{closure}(Object(Illuminate\\Http\\Request))
#15 C:\\xampp7.4\\htdocs\\mediusware_bulk1\\vendor\\laravel\\framework\\src\\Illuminate\\Pipeline\\Pipeline.php(163): Illuminate\\Foundation\\Http\\Middleware\\TransformsRequest->handle(Object(Illuminate\\Http\\Request), Object(Closure))
#16 C:\\xampp7.4\\htdocs\\mediusware_bulk1\\vendor\\laravel\\framework\\src\\Illuminate\\Routing\\Pipeline.php(53): Illuminate\\Pipeline\\Pipeline->Illuminate\\Pipeline\\{closure}(Object(Illuminate\\Http\\Request))
#17 C:\\xampp7.4\\htdocs\\mediusware_bulk1\\vendor\\laravel\\framework\\src\\Illuminate\\Foundation\\Http\\Middleware\\TransformsRequest.php(21): Illuminate\\Routing\\Pipeline->Illuminate\\Routing\\{closure}(Object(Illuminate\\Http\\Request))
#18 C:\\xampp7.4\\htdocs\\mediusware_bulk1\\vendor\\laravel\\framework\\src\\Illuminate\\Pipeline\\Pipeline.php(163): Illuminate\\Foundation\\Http\\Middleware\\TransformsRequest->handle(Object(Illuminate\\Http\\Request), Object(Closure))
#19 C:\\xampp7.4\\htdocs\\mediusware_bulk1\\vendor\\laravel\\framework\\src\\Illuminate\\Routing\\Pipeline.php(53): Illuminate\\Pipeline\\Pipeline->Illuminate\\Pipeline\\{closure}(Object(Illuminate\\Http\\Request))
#20 C:\\xampp7.4\\htdocs\\mediusware_bulk1\\vendor\\laravel\\framework\\src\\Illuminate\\Foundation\\Http\\Middleware\\ValidatePostSize.php(27): Illuminate\\Routing\\Pipeline->Illuminate\\Routing\\{closure}(Object(Illuminate\\Http\\Request))
#21 C:\\xampp7.4\\htdocs\\mediusware_bulk1\\vendor\\laravel\\framework\\src\\Illuminate\\Pipeline\\Pipeline.php(163): Illuminate\\Foundation\\Http\\Middleware\\ValidatePostSize->handle(Object(Illuminate\\Http\\Request), Object(Closure))
#22 C:\\xampp7.4\\htdocs\\mediusware_bulk1\\vendor\\laravel\\framework\\src\\Illuminate\\Routing\\Pipeline.php(53): Illuminate\\Pipeline\\Pipeline->Illuminate\\Pipeline\\{closure}(Object(Illuminate\\Http\\Request))
#23 C:\\xampp7.4\\htdocs\\mediusware_bulk1\\vendor\\laravel\\framework\\src\\Illuminate\\Foundation\\Http\\Middleware\\CheckForMaintenanceMode.php(62): Illuminate\\Routing\\Pipeline->Illuminate\\Routing\\{closure}(Object(Illuminate\\Http\\Request))
#24 C:\\xampp7.4\\htdocs\\mediusware_bulk1\\vendor\\laravel\\framework\\src\\Illuminate\\Pipeline\\Pipeline.php(163): Illuminate\\Foundation\\Http\\Middleware\\CheckForMaintenanceMode->handle(Object(Illuminate\\Http\\Request), Object(Closure))
#25 C:\\xampp7.4\\htdocs\\mediusware_bulk1\\vendor\\laravel\\framework\\src\\Illuminate\\Routing\\Pipeline.php(53): Illuminate\\Pipeline\\Pipeline->Illuminate\\Pipeline\\{closure}(Object(Illuminate\\Http\\Request))
#26 C:\\xampp7.4\\htdocs\\mediusware_bulk1\\vendor\\fideloper\\proxy\\src\\TrustProxies.php(57): Illuminate\\Routing\\Pipeline->Illuminate\\Routing\\{closure}(Object(Illuminate\\Http\\Request))
#27 C:\\xampp7.4\\htdocs\\mediusware_bulk1\\vendor\\laravel\\framework\\src\\Illuminate\\Pipeline\\Pipeline.php(163): Fideloper\\Proxy\\TrustProxies->handle(Object(Illuminate\\Http\\Request), Object(Closure))
#28 C:\\xampp7.4\\htdocs\\mediusware_bulk1\\vendor\\laravel\\framework\\src\\Illuminate\\Routing\\Pipeline.php(53): Illuminate\\Pipeline\\Pipeline->Illuminate\\Pipeline\\{closure}(Object(Illuminate\\Http\\Request))
#29 C:\\xampp7.4\\htdocs\\mediusware_bulk1\\vendor\\laravel\\framework\\src\\Illuminate\\Pipeline\\Pipeline.php(104): Illuminate\\Routing\\Pipeline->Illuminate\\Routing\\{closure}(Object(Illuminate\\Http\\Request))
#30 C:\\xampp7.4\\htdocs\\mediusware_bulk1\\vendor\\laravel\\framework\\src\\Illuminate\\Foundation\\Http\\Kernel.php(151): Illuminate\\Pipeline\\Pipeline->then(Object(Closure))
#31 C:\\xampp7.4\\htdocs\\mediusware_bulk1\\vendor\\laravel\\framework\\src\\Illuminate\\Foundation\\Http\\Kernel.php(116): Illuminate\\Foundation\\Http\\Kernel->sendRequestThroughRouter(Object(Illuminate\\Http\\Request))
#32 C:\\xampp7.4\\htdocs\\mediusware_bulk1\\public\\index.php(55): Illuminate\\Foundation\\Http\\Kernel->handle(Object(Illuminate\\Http\\Request))
#33 C:\\xampp7.4\\htdocs\\mediusware_bulk1\\server.php(21): require_once('C:\\\\xampp7.4\\\\htd...')
#34 {main}
"} 
[2020-09-14 07:20:24] local.ERROR: preg_match(): Compilation failed: invalid range in character class at offset 20 {"exception":"[object] (ErrorException(code: 0): preg_match(): Compilation failed: invalid range in character class at offset 20 at C:\\xampp7.4\\htdocs\\mediusware_bulk1\\vendor\\laravel\\framework\\src\\Illuminate\\Routing\\Matching\\UriValidator.php:21)
[stacktrace]
#0 [internal function]: Illuminate\\Foundation\\Bootstrap\\HandleExceptions->handleError(2, 'preg_match(): C...', 'C:\\\\xampp7.4\\\\htd...', 21, Array)
#1 C:\\xampp7.4\\htdocs\\mediusware_bulk1\\vendor\\laravel\\framework\\src\\Illuminate\\Routing\\Matching\\UriValidator.php(21): preg_match('#^/(?P<path>(?:...', '/post/search=Wh...')
#2 C:\\xampp7.4\\htdocs\\mediusware_bulk1\\vendor\\laravel\\framework\\src\\Illuminate\\Routing\\Route.php(275): Illuminate\\Routing\\Matching\\UriValidator->matches(Object(Illuminate\\Routing\\Route), Object(Illuminate\\Http\\Request))
#3 C:\\xampp7.4\\htdocs\\mediusware_bulk1\\vendor\\laravel\\framework\\src\\Illuminate\\Routing\\RouteCollection.php(197): Illuminate\\Routing\\Route->matches(Object(Illuminate\\Http\\Request), true)
#4 [internal function]: Illuminate\\Routing\\RouteCollection->Illuminate\\Routing\\{closure}(Object(Illuminate\\Routing\\Route), '{path}')
#5 C:\\xampp7.4\\htdocs\\mediusware_bulk1\\vendor\\laravel\\framework\\src\\Illuminate\\Support\\Arr.php(175): call_user_func(Object(Closure), Object(Illuminate\\Routing\\Route), '{path}')
#6 C:\\xampp7.4\\htdocs\\mediusware_bulk1\\vendor\\laravel\\framework\\src\\Illuminate\\Support\\Collection.php(815): Illuminate\\Support\\Arr::first(Array, Object(Closure), NULL)
#7 C:\\xampp7.4\\htdocs\\mediusware_bulk1\\vendor\\laravel\\framework\\src\\Illuminate\\Routing\\RouteCollection.php(198): Illuminate\\Support\\Collection->first(Object(Closure))
#8 C:\\xampp7.4\\htdocs\\mediusware_bulk1\\vendor\\laravel\\framework\\src\\Illuminate\\Routing\\RouteCollection.php(164): Illuminate\\Routing\\RouteCollection->matchAgainstRoutes(Object(Illuminate\\Support\\Collection), Object(Illuminate\\Http\\Request))
#9 C:\\xampp7.4\\htdocs\\mediusware_bulk1\\vendor\\laravel\\framework\\src\\Illuminate\\Routing\\Router.php(634): Illuminate\\Routing\\RouteCollection->match(Object(Illuminate\\Http\\Request))
#10 C:\\xampp7.4\\htdocs\\mediusware_bulk1\\vendor\\laravel\\framework\\src\\Illuminate\\Routing\\Router.php(623): Illuminate\\Routing\\Router->findRoute(Object(Illuminate\\Http\\Request))
#11 C:\\xampp7.4\\htdocs\\mediusware_bulk1\\vendor\\laravel\\framework\\src\\Illuminate\\Routing\\Router.php(612): Illuminate\\Routing\\Router->dispatchToRoute(Object(Illuminate\\Http\\Request))
#12 C:\\xampp7.4\\htdocs\\mediusware_bulk1\\vendor\\laravel\\framework\\src\\Illuminate\\Foundation\\Http\\Kernel.php(176): Illuminate\\Routing\\Router->dispatch(Object(Illuminate\\Http\\Request))
#13 C:\\xampp7.4\\htdocs\\mediusware_bulk1\\vendor\\laravel\\framework\\src\\Illuminate\\Routing\\Pipeline.php(30): Illuminate\\Foundation\\Http\\Kernel->Illuminate\\Foundation\\Http\\{closure}(Object(Illuminate\\Http\\Request))
#14 C:\\xampp7.4\\htdocs\\mediusware_bulk1\\vendor\\laravel\\framework\\src\\Illuminate\\Foundation\\Http\\Middleware\\TransformsRequest.php(21): Illuminate\\Routing\\Pipeline->Illuminate\\Routing\\{closure}(Object(Illuminate\\Http\\Request))
#15 C:\\xampp7.4\\htdocs\\mediusware_bulk1\\vendor\\laravel\\framework\\src\\Illuminate\\Pipeline\\Pipeline.php(163): Illuminate\\Foundation\\Http\\Middleware\\TransformsRequest->handle(Object(Illuminate\\Http\\Request), Object(Closure))
#16 C:\\xampp7.4\\htdocs\\mediusware_bulk1\\vendor\\laravel\\framework\\src\\Illuminate\\Routing\\Pipeline.php(53): Illuminate\\Pipeline\\Pipeline->Illuminate\\Pipeline\\{closure}(Object(Illuminate\\Http\\Request))
#17 C:\\xampp7.4\\htdocs\\mediusware_bulk1\\vendor\\laravel\\framework\\src\\Illuminate\\Foundation\\Http\\Middleware\\TransformsRequest.php(21): Illuminate\\Routing\\Pipeline->Illuminate\\Routing\\{closure}(Object(Illuminate\\Http\\Request))
#18 C:\\xampp7.4\\htdocs\\mediusware_bulk1\\vendor\\laravel\\framework\\src\\Illuminate\\Pipeline\\Pipeline.php(163): Illuminate\\Foundation\\Http\\Middleware\\TransformsRequest->handle(Object(Illuminate\\Http\\Request), Object(Closure))
#19 C:\\xampp7.4\\htdocs\\mediusware_bulk1\\vendor\\laravel\\framework\\src\\Illuminate\\Routing\\Pipeline.php(53): Illuminate\\Pipeline\\Pipeline->Illuminate\\Pipeline\\{closure}(Object(Illuminate\\Http\\Request))
#20 C:\\xampp7.4\\htdocs\\mediusware_bulk1\\vendor\\laravel\\framework\\src\\Illuminate\\Foundation\\Http\\Middleware\\ValidatePostSize.php(27): Illuminate\\Routing\\Pipeline->Illuminate\\Routing\\{closure}(Object(Illuminate\\Http\\Request))
#21 C:\\xampp7.4\\htdocs\\mediusware_bulk1\\vendor\\laravel\\framework\\src\\Illuminate\\Pipeline\\Pipeline.php(163): Illuminate\\Foundation\\Http\\Middleware\\ValidatePostSize->handle(Object(Illuminate\\Http\\Request), Object(Closure))
#22 C:\\xampp7.4\\htdocs\\mediusware_bulk1\\vendor\\laravel\\framework\\src\\Illuminate\\Routing\\Pipeline.php(53): Illuminate\\Pipeline\\Pipeline->Illuminate\\Pipeline\\{closure}(Object(Illuminate\\Http\\Request))
#23 C:\\xampp7.4\\htdocs\\mediusware_bulk1\\vendor\\laravel\\framework\\src\\Illuminate\\Foundation\\Http\\Middleware\\CheckForMaintenanceMode.php(62): Illuminate\\Routing\\Pipeline->Illuminate\\Routing\\{closure}(Object(Illuminate\\Http\\Request))
#24 C:\\xampp7.4\\htdocs\\mediusware_bulk1\\vendor\\laravel\\framework\\src\\Illuminate\\Pipeline\\Pipeline.php(163): Illuminate\\Foundation\\Http\\Middleware\\CheckForMaintenanceMode->handle(Object(Illuminate\\Http\\Request), Object(Closure))
#25 C:\\xampp7.4\\htdocs\\mediusware_bulk1\\vendor\\laravel\\framework\\src\\Illuminate\\Routing\\Pipeline.php(53): Illuminate\\Pipeline\\Pipeline->Illuminate\\Pipeline\\{closure}(Object(Illuminate\\Http\\Request))
#26 C:\\xampp7.4\\htdocs\\mediusware_bulk1\\vendor\\fideloper\\proxy\\src\\TrustProxies.php(57): Illuminate\\Routing\\Pipeline->Illuminate\\Routing\\{closure}(Object(Illuminate\\Http\\Request))
#27 C:\\xampp7.4\\htdocs\\mediusware_bulk1\\vendor\\laravel\\framework\\src\\Illuminate\\Pipeline\\Pipeline.php(163): Fideloper\\Proxy\\TrustProxies->handle(Object(Illuminate\\Http\\Request), Object(Closure))
#28 C:\\xampp7.4\\htdocs\\mediusware_bulk1\\vendor\\laravel\\framework\\src\\Illuminate\\Routing\\Pipeline.php(53): Illuminate\\Pipeline\\Pipeline->Illuminate\\Pipeline\\{closure}(Object(Illuminate\\Http\\Request))
#29 C:\\xampp7.4\\htdocs\\mediusware_bulk1\\vendor\\laravel\\framework\\src\\Illuminate\\Pipeline\\Pipeline.php(104): Illuminate\\Routing\\Pipeline->Illuminate\\Routing\\{closure}(Object(Illuminate\\Http\\Request))
#30 C:\\xampp7.4\\htdocs\\mediusware_bulk1\\vendor\\laravel\\framework\\src\\Illuminate\\Foundation\\Http\\Kernel.php(151): Illuminate\\Pipeline\\Pipeline->then(Object(Closure))
#31 C:\\xampp7.4\\htdocs\\mediusware_bulk1\\vendor\\laravel\\framework\\src\\Illuminate\\Foundation\\Http\\Kernel.php(116): Illuminate\\Foundation\\Http\\Kernel->sendRequestThroughRouter(Object(Illuminate\\Http\\Request))
#32 C:\\xampp7.4\\htdocs\\mediusware_bulk1\\public\\index.php(55): Illuminate\\Foundation\\Http\\Kernel->handle(Object(Illuminate\\Http\\Request))
#33 C:\\xampp7.4\\htdocs\\mediusware_bulk1\\server.php(21): require_once('C:\\\\xampp7.4\\\\htd...')
#34 {main}
"} 
